Copyright 1986-2022 Xilinx, Inc. All Rights Reserved. Copyright 2022-2025 Advanced Micro Devices, Inc. All Rights Reserved.
------------------------------------------------------------------------------------------------------------------------------------------------------------------------------------------------------------------------------------------------------
| Tool Version : Vivado v.2025.1 (win64) Build 6140274 Thu May 22 00:12:29 MDT 2025
| Date         : Sat Sep 13 15:12:44 2025
| Host         : MohamedAyman running 64-bit major release  (build 9200)
| Command      : report_timing_summary -max_paths 10 -routable_nets -report_unconstrained -file Asynch_counter_timing_summary_routed.rpt -pb Asynch_counter_timing_summary_routed.pb -rpx Asynch_counter_timing_summary_routed.rpx -warn_on_violation
| Design       : Asynch_counter
| Device       : 7vx485t-ffg1157
| Speed File   : -1  PRODUCTION 1.12 2014-09-11
| Design State : Routed
------------------------------------------------------------------------------------------------------------------------------------------------------------------------------------------------------------------------------------------------------

Timing Summary Report

------------------------------------------------------------------------------------------------
| Timer Settings
| --------------
------------------------------------------------------------------------------------------------

  Enable Multi Corner Analysis               :  Yes
  Enable Pessimism Removal                   :  Yes
  Pessimism Removal Resolution               :  Nearest Common Node
  Enable Input Delay Default Clock           :  No
  Enable Preset / Clear Arcs                 :  No
  Disable Flight Delays                      :  No
  Ignore I/O Paths                           :  No
  Timing Early Launch at Borrowing Latches   :  No
  Borrow Time for Max Delay Exceptions       :  Yes
  Merge Timing Exceptions                    :  Yes
  Inter-SLR Compensation                     :  Conservative

  Corner  Analyze    Analyze    
  Name    Max Paths  Min Paths  
  ------  ---------  ---------  
  Slow    Yes        Yes        
  Fast    Yes        Yes        


------------------------------------------------------------------------------------------------
| Report Methodology
| ------------------
------------------------------------------------------------------------------------------------

Rule       Severity          Description                  Violations  
---------  ----------------  ---------------------------  ----------  
TIMING-17  Critical Warning  Non-clocked sequential cell  4           

Note: This report is based on the most recent report_methodology run and may not be up-to-date. Run report_methodology on the current design for the latest report.



check_timing report

Table of Contents
-----------------
1. checking no_clock (4)
2. checking constant_clock (0)
3. checking pulse_width_clock (0)
4. checking unconstrained_internal_endpoints (8)
5. checking no_input_delay (1)
6. checking no_output_delay (4)
7. checking multiple_clock (0)
8. checking generated_clocks (0)
9. checking loops (0)
10. checking partial_input_delay (0)
11. checking partial_output_delay (0)
12. checking latch_loops (0)

1. checking no_clock (4)
------------------------
 There is 1 register/latch pin with no clock driven by root clock pin: clk (HIGH)

 There is 1 register/latch pin with no clock driven by root clock pin: FF0/Q_reg_reg/Q (HIGH)

 There is 1 register/latch pin with no clock driven by root clock pin: FF1/Q_reg_reg/Q (HIGH)

 There is 1 register/latch pin with no clock driven by root clock pin: FF2/Q_reg_reg/Q (HIGH)


2. checking constant_clock (0)
------------------------------
 There are 0 register/latch pins with constant_clock.


3. checking pulse_width_clock (0)
---------------------------------
 There are 0 register/latch pins which need pulse_width check


4. checking unconstrained_internal_endpoints (8)
------------------------------------------------
 There are 8 pins that are not constrained for maximum delay. (HIGH)

 There are 0 pins that are not constrained for maximum delay due to constant clock.


5. checking no_input_delay (1)
------------------------------
 There is 1 input port with no input delay specified. (HIGH)

 There are 0 input ports with no input delay but user has a false path constraint.


6. checking no_output_delay (4)
-------------------------------
 There are 4 ports with no output delay specified. (HIGH)

 There are 0 ports with no output delay but user has a false path constraint

 There are 0 ports with no output delay but with a timing clock defined on it or propagating through it


7. checking multiple_clock (0)
------------------------------
 There are 0 register/latch pins with multiple clocks.


8. checking generated_clocks (0)
--------------------------------
 There are 0 generated clocks that are not connected to a clock source.


9. checking loops (0)
---------------------
 There are 0 combinational loops in the design.


10. checking partial_input_delay (0)
------------------------------------
 There are 0 input ports with partial input delay specified.


11. checking partial_output_delay (0)
-------------------------------------
 There are 0 ports with partial output delay specified.


12. checking latch_loops (0)
----------------------------
 There are 0 combinational latch loops in the design through latch input



------------------------------------------------------------------------------------------------
| Design Timing Summary
| ---------------------
------------------------------------------------------------------------------------------------

    WNS(ns)      TNS(ns)  TNS Failing Endpoints  TNS Total Endpoints      WHS(ns)      THS(ns)  THS Failing Endpoints  THS Total Endpoints     WPWS(ns)     TPWS(ns)  TPWS Failing Endpoints  TPWS Total Endpoints  
    -------      -------  ---------------------  -------------------      -------      -------  ---------------------  -------------------     --------     --------  ----------------------  --------------------  
        inf        0.000                      0                   12          inf        0.000                      0                   12           NA           NA                      NA                    NA  


There are no user specified timing constraints.


------------------------------------------------------------------------------------------------
| Clock Summary
| -------------
------------------------------------------------------------------------------------------------


------------------------------------------------------------------------------------------------
| Intra Clock Table
| -----------------
------------------------------------------------------------------------------------------------

Clock             WNS(ns)      TNS(ns)  TNS Failing Endpoints  TNS Total Endpoints      WHS(ns)      THS(ns)  THS Failing Endpoints  THS Total Endpoints     WPWS(ns)     TPWS(ns)  TPWS Failing Endpoints  TPWS Total Endpoints  
-----             -------      -------  ---------------------  -------------------      -------      -------  ---------------------  -------------------     --------     --------  ----------------------  --------------------  


------------------------------------------------------------------------------------------------
| Inter Clock Table
| -----------------
------------------------------------------------------------------------------------------------

From Clock    To Clock          WNS(ns)      TNS(ns)  TNS Failing Endpoints  TNS Total Endpoints      WHS(ns)      THS(ns)  THS Failing Endpoints  THS Total Endpoints  
----------    --------          -------      -------  ---------------------  -------------------      -------      -------  ---------------------  -------------------  


------------------------------------------------------------------------------------------------
| Other Path Groups Table
| -----------------------
------------------------------------------------------------------------------------------------

Path Group    From Clock    To Clock          WNS(ns)      TNS(ns)  TNS Failing Endpoints  TNS Total Endpoints      WHS(ns)      THS(ns)  THS Failing Endpoints  THS Total Endpoints  
----------    ----------    --------          -------      -------  ---------------------  -------------------      -------      -------  ---------------------  -------------------  


------------------------------------------------------------------------------------------------
| User Ignored Path Table
| -----------------------
------------------------------------------------------------------------------------------------

Path Group    From Clock    To Clock    
----------    ----------    --------    


------------------------------------------------------------------------------------------------
| Unconstrained Path Table
| ------------------------
------------------------------------------------------------------------------------------------

Path Group    From Clock    To Clock    
----------    ----------    --------    
(none)                                    


------------------------------------------------------------------------------------------------
| Timing Details
| --------------
------------------------------------------------------------------------------------------------


--------------------------------------------------------------------------------------
Path Group:  (none)
From Clock:  
  To Clock:  

Max Delay            12 Endpoints
Min Delay            12 Endpoints
--------------------------------------------------------------------------------------


Max Delay Paths
--------------------------------------------------------------------------------------
Slack:                    inf
  Source:                 FF2/Q_reg_reg/C
                            (rising edge-triggered cell FDCE)
  Destination:            Q[2]
                            (output port)
  Path Group:             (none)
  Path Type:              Max at Slow Process Corner
  Data Path Delay:        4.045ns  (logic 2.578ns (63.738%)  route 1.467ns (36.262%))
  Logic Levels:           2  (FDCE=1 OBUF=1)

    Location             Delay type                Incr(ns)  Path(ns)    Netlist Resource(s)
  -------------------------------------------------------------------    -------------------
    SLICE_X47Y51         FDCE                         0.000     0.000 r  FF2/Q_reg_reg/C
    SLICE_X47Y51         FDCE (Prop_fdce_C_Q)         0.272     0.272 r  FF2/Q_reg_reg/Q
                         net (fo=3, routed)           1.467     1.739    Q_OBUF[2]
    AN27                 OBUF (Prop_obuf_I_O)         2.306     4.045 r  Q_OBUF[2]_inst/O
                         net (fo=0)                   0.000     4.045    Q[2]
    AN27                                                              r  Q[2] (OUT)
  -------------------------------------------------------------------    -------------------

Slack:                    inf
  Source:                 FF3/Q_reg_reg/C
                            (rising edge-triggered cell FDCE)
  Destination:            Q[3]
                            (output port)
  Path Group:             (none)
  Path Type:              Max at Slow Process Corner
  Data Path Delay:        3.956ns  (logic 2.574ns (65.080%)  route 1.381ns (34.920%))
  Logic Levels:           2  (FDCE=1 OBUF=1)

    Location             Delay type                Incr(ns)  Path(ns)    Netlist Resource(s)
  -------------------------------------------------------------------    -------------------
    SLICE_X47Y52         FDCE                         0.000     0.000 r  FF3/Q_reg_reg/C
    SLICE_X47Y52         FDCE (Prop_fdce_C_Q)         0.272     0.272 r  FF3/Q_reg_reg/Q
                         net (fo=2, routed)           1.381     1.653    Q_OBUF[3]
    AP26                 OBUF (Prop_obuf_I_O)         2.302     3.956 r  Q_OBUF[3]_inst/O
                         net (fo=0)                   0.000     3.956    Q[3]
    AP26                                                              r  Q[3] (OUT)
  -------------------------------------------------------------------    -------------------

Slack:                    inf
  Source:                 FF1/Q_reg_reg/C
                            (rising edge-triggered cell FDCE)
  Destination:            Q[1]
                            (output port)
  Path Group:             (none)
  Path Type:              Max at Slow Process Corner
  Data Path Delay:        3.902ns  (logic 2.615ns (67.002%)  route 1.288ns (32.998%))
  Logic Levels:           2  (FDCE=1 OBUF=1)

    Location             Delay type                Incr(ns)  Path(ns)    Netlist Resource(s)
  -------------------------------------------------------------------    -------------------
    SLICE_X46Y51         FDCE                         0.000     0.000 r  FF1/Q_reg_reg/C
    SLICE_X46Y51         FDCE (Prop_fdce_C_Q)         0.315     0.315 r  FF1/Q_reg_reg/Q
                         net (fo=3, routed)           1.288     1.603    Q_OBUF[1]
    AP27                 OBUF (Prop_obuf_I_O)         2.300     3.902 r  Q_OBUF[1]_inst/O
                         net (fo=0)                   0.000     3.902    Q[1]
    AP27                                                              r  Q[1] (OUT)
  -------------------------------------------------------------------    -------------------

Slack:                    inf
  Source:                 FF0/Q_reg_reg/C
                            (rising edge-triggered cell FDCE)
  Destination:            Q[0]
                            (output port)
  Path Group:             (none)
  Path Type:              Max at Slow Process Corner
  Data Path Delay:        3.838ns  (logic 2.550ns (66.456%)  route 1.287ns (33.544%))
  Logic Levels:           2  (FDCE=1 OBUF=1)

    Location             Delay type                Incr(ns)  Path(ns)    Netlist Resource(s)
  -------------------------------------------------------------------    -------------------
    SLICE_X46Y50         FDCE                         0.000     0.000 r  FF0/Q_reg_reg/C
    SLICE_X46Y50         FDCE (Prop_fdce_C_Q)         0.308     0.308 r  FF0/Q_reg_reg/Q
                         net (fo=3, routed)           1.287     1.595    Q_OBUF[0]
    AF24                 OBUF (Prop_obuf_I_O)         2.242     3.838 r  Q_OBUF[0]_inst/O
                         net (fo=0)                   0.000     3.838    Q[0]
    AF24                                                              r  Q[0] (OUT)
  -------------------------------------------------------------------    -------------------

Slack:                    inf
  Source:                 reset_n
                            (input port)
  Destination:            FF0/Q_reg_reg/CLR
  Path Group:             (none)
  Path Type:              Max at Slow Process Corner
  Data Path Delay:        2.116ns  (logic 0.791ns (37.367%)  route 1.326ns (62.633%))
  Logic Levels:           2  (IBUF=1 LUT1=1)

    Location             Delay type                Incr(ns)  Path(ns)    Netlist Resource(s)
  -------------------------------------------------------------------    -------------------
    AP25                                              0.000     0.000 r  reset_n (IN)
                         net (fo=0)                   0.000     0.000    reset_n
    AP25                 IBUF (Prop_ibuf_I_O)         0.738     0.738 r  reset_n_IBUF_inst/O
                         net (fo=1, routed)           0.939     1.677    FF1/reset_n_IBUF
    SLICE_X47Y52         LUT1 (Prop_lut1_I0_O)        0.053     1.730 f  FF1/Q_reg_i_2/O
                         net (fo=4, routed)           0.387     2.116    FF0/Q_reg_reg_0
    SLICE_X46Y50         FDCE                                         f  FF0/Q_reg_reg/CLR
  -------------------------------------------------------------------    -------------------

Slack:                    inf
  Source:                 reset_n
                            (input port)
  Destination:            FF3/Q_reg_reg/CLR
  Path Group:             (none)
  Path Type:              Max at Slow Process Corner
  Data Path Delay:        2.056ns  (logic 0.791ns (38.462%)  route 1.265ns (61.538%))
  Logic Levels:           2  (IBUF=1 LUT1=1)

    Location             Delay type                Incr(ns)  Path(ns)    Netlist Resource(s)
  -------------------------------------------------------------------    -------------------
    AP25                                              0.000     0.000 r  reset_n (IN)
                         net (fo=0)                   0.000     0.000    reset_n
    AP25                 IBUF (Prop_ibuf_I_O)         0.738     0.738 r  reset_n_IBUF_inst/O
                         net (fo=1, routed)           0.939     1.677    FF1/reset_n_IBUF
    SLICE_X47Y52         LUT1 (Prop_lut1_I0_O)        0.053     1.730 f  FF1/Q_reg_i_2/O
                         net (fo=4, routed)           0.326     2.056    FF3/Q_reg_reg_1
    SLICE_X47Y52         FDCE                                         f  FF3/Q_reg_reg/CLR
  -------------------------------------------------------------------    -------------------

Slack:                    inf
  Source:                 reset_n
                            (input port)
  Destination:            FF1/Q_reg_reg/CLR
  Path Group:             (none)
  Path Type:              Max at Slow Process Corner
  Data Path Delay:        2.022ns  (logic 0.791ns (39.120%)  route 1.231ns (60.880%))
  Logic Levels:           2  (IBUF=1 LUT1=1)

    Location             Delay type                Incr(ns)  Path(ns)    Netlist Resource(s)
  -------------------------------------------------------------------    -------------------
    AP25                                              0.000     0.000 r  reset_n (IN)
                         net (fo=0)                   0.000     0.000    reset_n
    AP25                 IBUF (Prop_ibuf_I_O)         0.738     0.738 r  reset_n_IBUF_inst/O
                         net (fo=1, routed)           0.939     1.677    FF1/reset_n_IBUF
    SLICE_X47Y52         LUT1 (Prop_lut1_I0_O)        0.053     1.730 f  FF1/Q_reg_i_2/O
                         net (fo=4, routed)           0.292     2.022    FF1/reset_n
    SLICE_X46Y51         FDCE                                         f  FF1/Q_reg_reg/CLR
  -------------------------------------------------------------------    -------------------

Slack:                    inf
  Source:                 reset_n
                            (input port)
  Destination:            FF2/Q_reg_reg/CLR
  Path Group:             (none)
  Path Type:              Max at Slow Process Corner
  Data Path Delay:        2.022ns  (logic 0.791ns (39.120%)  route 1.231ns (60.880%))
  Logic Levels:           2  (IBUF=1 LUT1=1)

    Location             Delay type                Incr(ns)  Path(ns)    Netlist Resource(s)
  -------------------------------------------------------------------    -------------------
    AP25                                              0.000     0.000 r  reset_n (IN)
                         net (fo=0)                   0.000     0.000    reset_n
    AP25                 IBUF (Prop_ibuf_I_O)         0.738     0.738 r  reset_n_IBUF_inst/O
                         net (fo=1, routed)           0.939     1.677    FF1/reset_n_IBUF
    SLICE_X47Y52         LUT1 (Prop_lut1_I0_O)        0.053     1.730 f  FF1/Q_reg_i_2/O
                         net (fo=4, routed)           0.292     2.022    FF2/Q_reg_reg_2
    SLICE_X47Y51         FDCE                                         f  FF2/Q_reg_reg/CLR
  -------------------------------------------------------------------    -------------------

Slack:                    inf
  Source:                 FF1/Q_reg_reg/C
                            (rising edge-triggered cell FDCE)
  Destination:            FF1/Q_reg_reg/D
  Path Group:             (none)
  Path Type:              Max at Slow Process Corner
  Data Path Delay:        0.748ns  (logic 0.368ns (49.180%)  route 0.380ns (50.820%))
  Logic Levels:           2  (FDCE=1 LUT1=1)

    Location             Delay type                Incr(ns)  Path(ns)    Netlist Resource(s)
  -------------------------------------------------------------------    -------------------
    SLICE_X46Y51         FDCE                         0.000     0.000 r  FF1/Q_reg_reg/C
    SLICE_X46Y51         FDCE (Prop_fdce_C_Q)         0.315     0.315 f  FF1/Q_reg_reg/Q
                         net (fo=3, routed)           0.380     0.695    Q_OBUF[1]
    SLICE_X46Y51         LUT1 (Prop_lut1_I0_O)        0.053     0.748 r  Q_reg_reg_i_1__0/O
                         net (fo=1, routed)           0.000     0.748    FF1/lopt
    SLICE_X46Y51         FDCE                                         r  FF1/Q_reg_reg/D
  -------------------------------------------------------------------    -------------------

Slack:                    inf
  Source:                 FF0/Q_reg_reg/C
                            (rising edge-triggered cell FDCE)
  Destination:            FF0/Q_reg_reg/D
  Path Group:             (none)
  Path Type:              Max at Slow Process Corner
  Data Path Delay:        0.741ns  (logic 0.361ns (48.724%)  route 0.380ns (51.276%))
  Logic Levels:           2  (FDCE=1 LUT1=1)

    Location             Delay type                Incr(ns)  Path(ns)    Netlist Resource(s)
  -------------------------------------------------------------------    -------------------
    SLICE_X46Y50         FDCE                         0.000     0.000 r  FF0/Q_reg_reg/C
    SLICE_X46Y50         FDCE (Prop_fdce_C_Q)         0.308     0.308 f  FF0/Q_reg_reg/Q
                         net (fo=3, routed)           0.380     0.688    Q_OBUF[0]
    SLICE_X46Y50         LUT1 (Prop_lut1_I0_O)        0.053     0.741 r  Q_reg_reg_i_1/O
                         net (fo=1, routed)           0.000     0.741    FF0/lopt
    SLICE_X46Y50         FDCE                                         r  FF0/Q_reg_reg/D
  -------------------------------------------------------------------    -------------------





Min Delay Paths
--------------------------------------------------------------------------------------
Slack:                    inf
  Source:                 FF2/Q_reg_reg/C
                            (rising edge-triggered cell FDCE)
  Destination:            FF2/Q_reg_reg/D
  Path Group:             (none)
  Path Type:              Min at Fast Process Corner
  Data Path Delay:        0.275ns  (logic 0.135ns (49.018%)  route 0.140ns (50.982%))
  Logic Levels:           2  (FDCE=1 LUT1=1)

    Location             Delay type                Incr(ns)  Path(ns)    Netlist Resource(s)
  -------------------------------------------------------------------    -------------------
    SLICE_X47Y51         FDCE                         0.000     0.000 r  FF2/Q_reg_reg/C
    SLICE_X47Y51         FDCE (Prop_fdce_C_Q)         0.107     0.107 f  FF2/Q_reg_reg/Q
                         net (fo=3, routed)           0.140     0.247    Q_OBUF[2]
    SLICE_X47Y51         LUT1 (Prop_lut1_I0_O)        0.028     0.275 r  Q_reg_reg_i_1__1/O
                         net (fo=1, routed)           0.000     0.275    FF2/lopt
    SLICE_X47Y51         FDCE                                         r  FF2/Q_reg_reg/D
  -------------------------------------------------------------------    -------------------

Slack:                    inf
  Source:                 FF3/Q_reg_reg/C
                            (rising edge-triggered cell FDCE)
  Destination:            FF3/Q_reg_reg/D
  Path Group:             (none)
  Path Type:              Min at Fast Process Corner
  Data Path Delay:        0.276ns  (logic 0.135ns (48.953%)  route 0.141ns (51.047%))
  Logic Levels:           2  (FDCE=1 LUT1=1)

    Location             Delay type                Incr(ns)  Path(ns)    Netlist Resource(s)
  -------------------------------------------------------------------    -------------------
    SLICE_X47Y52         FDCE                         0.000     0.000 r  FF3/Q_reg_reg/C
    SLICE_X47Y52         FDCE (Prop_fdce_C_Q)         0.107     0.107 f  FF3/Q_reg_reg/Q
                         net (fo=2, routed)           0.141     0.248    FF3/Q[0]
    SLICE_X47Y52         LUT1 (Prop_lut1_I0_O)        0.028     0.276 r  FF3/Q_reg_i_1/O
                         net (fo=1, routed)           0.000     0.276    FF3/p_0_in
    SLICE_X47Y52         FDCE                                         r  FF3/Q_reg_reg/D
  -------------------------------------------------------------------    -------------------

Slack:                    inf
  Source:                 FF0/Q_reg_reg/C
                            (rising edge-triggered cell FDCE)
  Destination:            FF0/Q_reg_reg/D
  Path Group:             (none)
  Path Type:              Min at Fast Process Corner
  Data Path Delay:        0.308ns  (logic 0.146ns (47.417%)  route 0.162ns (52.583%))
  Logic Levels:           2  (FDCE=1 LUT1=1)

    Location             Delay type                Incr(ns)  Path(ns)    Netlist Resource(s)
  -------------------------------------------------------------------    -------------------
    SLICE_X46Y50         FDCE                         0.000     0.000 r  FF0/Q_reg_reg/C
    SLICE_X46Y50         FDCE (Prop_fdce_C_Q)         0.118     0.118 f  FF0/Q_reg_reg/Q
                         net (fo=3, routed)           0.162     0.280    Q_OBUF[0]
    SLICE_X46Y50         LUT1 (Prop_lut1_I0_O)        0.028     0.308 r  Q_reg_reg_i_1/O
                         net (fo=1, routed)           0.000     0.308    FF0/lopt
    SLICE_X46Y50         FDCE                                         r  FF0/Q_reg_reg/D
  -------------------------------------------------------------------    -------------------

Slack:                    inf
  Source:                 FF1/Q_reg_reg/C
                            (rising edge-triggered cell FDCE)
  Destination:            FF1/Q_reg_reg/D
  Path Group:             (none)
  Path Type:              Min at Fast Process Corner
  Data Path Delay:        0.313ns  (logic 0.151ns (48.201%)  route 0.162ns (51.799%))
  Logic Levels:           2  (FDCE=1 LUT1=1)

    Location             Delay type                Incr(ns)  Path(ns)    Netlist Resource(s)
  -------------------------------------------------------------------    -------------------
    SLICE_X46Y51         FDCE                         0.000     0.000 r  FF1/Q_reg_reg/C
    SLICE_X46Y51         FDCE (Prop_fdce_C_Q)         0.123     0.123 f  FF1/Q_reg_reg/Q
                         net (fo=3, routed)           0.162     0.285    Q_OBUF[1]
    SLICE_X46Y51         LUT1 (Prop_lut1_I0_O)        0.028     0.313 r  Q_reg_reg_i_1__0/O
                         net (fo=1, routed)           0.000     0.313    FF1/lopt
    SLICE_X46Y51         FDCE                                         r  FF1/Q_reg_reg/D
  -------------------------------------------------------------------    -------------------

Slack:                    inf
  Source:                 reset_n
                            (input port)
  Destination:            FF1/Q_reg_reg/CLR
  Path Group:             (none)
  Path Type:              Min at Fast Process Corner
  Data Path Delay:        0.761ns  (logic 0.166ns (21.868%)  route 0.595ns (78.132%))
  Logic Levels:           2  (IBUF=1 LUT1=1)

    Location             Delay type                Incr(ns)  Path(ns)    Netlist Resource(s)
  -------------------------------------------------------------------    -------------------
    AP25                                              0.000     0.000 r  reset_n (IN)
                         net (fo=0)                   0.000     0.000    reset_n
    AP25                 IBUF (Prop_ibuf_I_O)         0.138     0.138 r  reset_n_IBUF_inst/O
                         net (fo=1, routed)           0.474     0.612    FF1/reset_n_IBUF
    SLICE_X47Y52         LUT1 (Prop_lut1_I0_O)        0.028     0.640 f  FF1/Q_reg_i_2/O
                         net (fo=4, routed)           0.121     0.761    FF1/reset_n
    SLICE_X46Y51         FDCE                                         f  FF1/Q_reg_reg/CLR
  -------------------------------------------------------------------    -------------------

Slack:                    inf
  Source:                 reset_n
                            (input port)
  Destination:            FF2/Q_reg_reg/CLR
  Path Group:             (none)
  Path Type:              Min at Fast Process Corner
  Data Path Delay:        0.761ns  (logic 0.166ns (21.868%)  route 0.595ns (78.132%))
  Logic Levels:           2  (IBUF=1 LUT1=1)

    Location             Delay type                Incr(ns)  Path(ns)    Netlist Resource(s)
  -------------------------------------------------------------------    -------------------
    AP25                                              0.000     0.000 r  reset_n (IN)
                         net (fo=0)                   0.000     0.000    reset_n
    AP25                 IBUF (Prop_ibuf_I_O)         0.138     0.138 r  reset_n_IBUF_inst/O
                         net (fo=1, routed)           0.474     0.612    FF1/reset_n_IBUF
    SLICE_X47Y52         LUT1 (Prop_lut1_I0_O)        0.028     0.640 f  FF1/Q_reg_i_2/O
                         net (fo=4, routed)           0.121     0.761    FF2/Q_reg_reg_2
    SLICE_X47Y51         FDCE                                         f  FF2/Q_reg_reg/CLR
  -------------------------------------------------------------------    -------------------

Slack:                    inf
  Source:                 reset_n
                            (input port)
  Destination:            FF3/Q_reg_reg/CLR
  Path Group:             (none)
  Path Type:              Min at Fast Process Corner
  Data Path Delay:        0.765ns  (logic 0.166ns (21.767%)  route 0.598ns (78.233%))
  Logic Levels:           2  (IBUF=1 LUT1=1)

    Location             Delay type                Incr(ns)  Path(ns)    Netlist Resource(s)
  -------------------------------------------------------------------    -------------------
    AP25                                              0.000     0.000 r  reset_n (IN)
                         net (fo=0)                   0.000     0.000    reset_n
    AP25                 IBUF (Prop_ibuf_I_O)         0.138     0.138 r  reset_n_IBUF_inst/O
                         net (fo=1, routed)           0.474     0.612    FF1/reset_n_IBUF
    SLICE_X47Y52         LUT1 (Prop_lut1_I0_O)        0.028     0.640 f  FF1/Q_reg_i_2/O
                         net (fo=4, routed)           0.124     0.765    FF3/Q_reg_reg_1
    SLICE_X47Y52         FDCE                                         f  FF3/Q_reg_reg/CLR
  -------------------------------------------------------------------    -------------------

Slack:                    inf
  Source:                 reset_n
                            (input port)
  Destination:            FF0/Q_reg_reg/CLR
  Path Group:             (none)
  Path Type:              Min at Fast Process Corner
  Data Path Delay:        0.800ns  (logic 0.166ns (20.807%)  route 0.634ns (79.193%))
  Logic Levels:           2  (IBUF=1 LUT1=1)

    Location             Delay type                Incr(ns)  Path(ns)    Netlist Resource(s)
  -------------------------------------------------------------------    -------------------
    AP25                                              0.000     0.000 r  reset_n (IN)
                         net (fo=0)                   0.000     0.000    reset_n
    AP25                 IBUF (Prop_ibuf_I_O)         0.138     0.138 r  reset_n_IBUF_inst/O
                         net (fo=1, routed)           0.474     0.612    FF1/reset_n_IBUF
    SLICE_X47Y52         LUT1 (Prop_lut1_I0_O)        0.028     0.640 f  FF1/Q_reg_i_2/O
                         net (fo=4, routed)           0.160     0.800    FF0/Q_reg_reg_0
    SLICE_X46Y50         FDCE                                         f  FF0/Q_reg_reg/CLR
  -------------------------------------------------------------------    -------------------

Slack:                    inf
  Source:                 FF0/Q_reg_reg/C
                            (rising edge-triggered cell FDCE)
  Destination:            Q[0]
                            (output port)
  Path Group:             (none)
  Path Type:              Min at Fast Process Corner
  Data Path Delay:        1.612ns  (logic 1.195ns (74.110%)  route 0.417ns (25.890%))
  Logic Levels:           2  (FDCE=1 OBUF=1)

    Location             Delay type                Incr(ns)  Path(ns)    Netlist Resource(s)
  -------------------------------------------------------------------    -------------------
    SLICE_X46Y50         FDCE                         0.000     0.000 r  FF0/Q_reg_reg/C
    SLICE_X46Y50         FDCE (Prop_fdce_C_Q)         0.118     0.118 r  FF0/Q_reg_reg/Q
                         net (fo=3, routed)           0.417     0.535    Q_OBUF[0]
    AF24                 OBUF (Prop_obuf_I_O)         1.077     1.612 r  Q_OBUF[0]_inst/O
                         net (fo=0)                   0.000     1.612    Q[0]
    AF24                                                              r  Q[0] (OUT)
  -------------------------------------------------------------------    -------------------

Slack:                    inf
  Source:                 FF1/Q_reg_reg/C
                            (rising edge-triggered cell FDCE)
  Destination:            Q[1]
                            (output port)
  Path Group:             (none)
  Path Type:              Min at Fast Process Corner
  Data Path Delay:        1.674ns  (logic 1.256ns (75.048%)  route 0.418ns (24.952%))
  Logic Levels:           2  (FDCE=1 OBUF=1)

    Location             Delay type                Incr(ns)  Path(ns)    Netlist Resource(s)
  -------------------------------------------------------------------    -------------------
    SLICE_X46Y51         FDCE                         0.000     0.000 r  FF1/Q_reg_reg/C
    SLICE_X46Y51         FDCE (Prop_fdce_C_Q)         0.123     0.123 r  FF1/Q_reg_reg/Q
                         net (fo=3, routed)           0.418     0.541    Q_OBUF[1]
    AP27                 OBUF (Prop_obuf_I_O)         1.133     1.674 r  Q_OBUF[1]_inst/O
                         net (fo=0)                   0.000     1.674    Q[1]
    AP27                                                              r  Q[1] (OUT)
  -------------------------------------------------------------------    -------------------





