#-----------------------------------------------------------
# Vivado v2025.1 (64-bit)
# SW Build 6140274 on Thu May 22 00:12:29 MDT 2025
# IP Build 6138677 on Thu May 22 03:10:11 MDT 2025
# SharedData Build 6139179 on Tue May 20 17:58:58 MDT 2025
# Start of session at: Mon Aug 11 18:43:05 2025
# Process ID         : 12436
# Current directory  : D:/IcDesign_Projects/Verilog/AdderSubtractor_nbit
# Command line       : vivado.exe -gui_launcher_event rodinguilauncherevent1876 D:\IcDesign_Projects\Verilog\AdderSubtractor_nbit\AdderSubtractor_nbit.xpr
# Log file           : D:/IcDesign_Projects/Verilog/AdderSubtractor_nbit/vivado.log
# Journal file       : D:/IcDesign_Projects/Verilog/AdderSubtractor_nbit\vivado.jou
# Running On         : MohamedAyman
# Platform           : Windows Server 2016 or Windows 10
# Operating System   : 26100
# Processor Detail   : AMD Ryzen 7 5800H with Radeon Graphics         
# CPU Frequency      : 3194 MHz
# CPU Physical cores : 8
# CPU Logical cores  : 16
# Host memory        : 14877 MB
# Swap memory        : 3623 MB
# Total Virtual      : 18501 MB
# Available Virtual  : 6109 MB
#-----------------------------------------------------------
start_gui
open_project D:/IcDesign_Projects/Verilog/AdderSubtractor_nbit/AdderSubtractor_nbit.xpr
WARNING: [Board 49-26] cannot add Board Part xilinx.com:emb-plus-vpr-4616:part0:1.0 available at C:/Xilinx/2025.1/data/xhub/boards\XilinxBoardStore\boards\Xilinx\emb-plus-vpr-4616\1.0\board.xml as part xcve2302-sfva784-2mp-e-s specified in board_part file is either invalid or not available
WARNING: [Board 49-26] cannot add Board Part xilinx.com:emb-plus-vpr-4616:part0:1.1 available at C:/Xilinx/2025.1/data/xhub/boards\XilinxBoardStore\boards\Xilinx\emb-plus-vpr-4616\1.1\board.xml as part xcve2302-sfva784-2mp-e-s specified in board_part file is either invalid or not available
WARNING: [Board 49-26] cannot add Board Part xilinx.com:kcu105:part0:1.6 available at C:/Xilinx/2025.1/data/xhub/boards\XilinxBoardStore\boards\Xilinx\kcu105\1.6\board.xml as part xcku040-ffva1156-2-e specified in board_part file is either invalid or not available
WARNING: [Board 49-26] cannot add Board Part xilinx.com:kcu105:part0:1.7 available at C:/Xilinx/2025.1/data/xhub/boards\XilinxBoardStore\boards\Xilinx\kcu105\1.7\board.xml as part xcku040-ffva1156-2-e specified in board_part file is either invalid or not available
WARNING: [Board 49-26] cannot add Board Part xilinx.com:v80:part0:1.0 available at C:/Xilinx/2025.1/data/xhub/boards\XilinxBoardStore\boards\Xilinx\v80\1.0\board.xml as part xcv80-lsva4737-2mhp-e-s specified in board_part file is either invalid or not available
WARNING: [Board 49-26] cannot add Board Part xilinx.com:vcu108:part0:1.6 available at C:/Xilinx/2025.1/data/xhub/boards\XilinxBoardStore\boards\Xilinx\vcu108\1.6\board.xml as part xcvu095-ffva2104-2-e specified in board_part file is either invalid or not available
WARNING: [Board 49-26] cannot add Board Part xilinx.com:vcu108:part0:1.7 available at C:/Xilinx/2025.1/data/xhub/boards\XilinxBoardStore\boards\Xilinx\vcu108\1.7\board.xml as part xcvu095-ffva2104-2-e specified in board_part file is either invalid or not available
WARNING: [Board 49-26] cannot add Board Part xilinx.com:vcu110:part0:1.4 available at C:/Xilinx/2025.1/data/xhub/boards\XilinxBoardStore\boards\Xilinx\vcu110\1.4\board.xml as part xcvu190-flgc2104-2-e specified in board_part file is either invalid or not available
WARNING: [Board 49-26] cannot add Board Part xilinx.com:vcu128:part0:1.0 available at C:/Xilinx/2025.1/data/xhub/boards\XilinxBoardStore\boards\Xilinx\vcu128\production\1.0\board.xml as part xcvu37p-fsvh2892-2l-e specified in board_part file is either invalid or not available
WARNING: [Board 49-26] cannot add Board Part xilinx.com:vcu129:part0:1.0 available at C:/Xilinx/2025.1/data/xhub/boards\XilinxBoardStore\boards\Xilinx\vcu129\production\1.0\board.xml as part xcvu29p-fsga2577-2l-e specified in board_part file is either invalid or not available
WARNING: [Board 49-26] cannot add Board Part xilinx.com:vek280:part0:1.0 available at C:/Xilinx/2025.1/data/xhub/boards\XilinxBoardStore\boards\Xilinx\vek280\production\1.0\board.xml as part xcve2802-vsvh1760-2mp-e-s specified in board_part file is either invalid or not available
WARNING: [Board 49-26] cannot add Board Part xilinx.com:vek280:part0:1.1 available at C:/Xilinx/2025.1/data/xhub/boards\XilinxBoardStore\boards\Xilinx\vek280\production\1.1\board.xml as part xcve2802-vsvh1760-2mp-e-s specified in board_part file is either invalid or not available
WARNING: [Board 49-26] cannot add Board Part xilinx.com:vek280:part0:1.2 available at C:/Xilinx/2025.1/data/xhub/boards\XilinxBoardStore\boards\Xilinx\vek280\production\1.2\board.xml as part xcve2802-vsvh1760-2mp-e-s specified in board_part file is either invalid or not available
WARNING: [Board 49-26] cannot add Board Part xilinx.com:vek385:part0:1.0 available at C:/Xilinx/2025.1/data/xhub/boards\XilinxBoardStore\boards\Xilinx\vek385\1.0\board.xml as part xc2ve3858-ssva2112-2mp-e-s specified in board_part file is either invalid or not available
WARNING: [Board 49-26] cannot add Board Part xilinx.com:vermeo_t1_rfsoc:part0:1.0 available at C:/Xilinx/2025.1/data/xhub/boards\XilinxBoardStore\boards\Xilinx\vermeo_t1_rfsoc\1.0\board.xml as part xczu21dr-ffvd1156-2l-e specified in board_part file is either invalid or not available
WARNING: [Board 49-26] cannot add Board Part xilinx.com:vhk158:part0:1.0 available at C:/Xilinx/2025.1/data/xhub/boards\XilinxBoardStore\boards\Xilinx\vhk158\production\1.0\board.xml as part xcvh1582-vsva3697-2mp-e-s specified in board_part file is either invalid or not available
WARNING: [Board 49-26] cannot add Board Part xilinx.com:vhk158:part0:1.1 available at C:/Xilinx/2025.1/data/xhub/boards\XilinxBoardStore\boards\Xilinx\vhk158\production\1.1\board.xml as part xcvh1582-vsva3697-2mp-e-s specified in board_part file is either invalid or not available
WARNING: [Board 49-26] cannot add Board Part xilinx.com:vhk158:part0:1.2 available at C:/Xilinx/2025.1/data/xhub/boards\XilinxBoardStore\boards\Xilinx\vhk158\production\1.2\board.xml as part xcvh1582-vsva3697-2mp-e-s specified in board_part file is either invalid or not available
WARNING: [Board 49-26] cannot add Board Part xilinx.com:vpk180:part0:1.0 available at C:/Xilinx/2025.1/data/xhub/boards\XilinxBoardStore\boards\Xilinx\vpk180\production\1.0\board.xml as part xcvp1802-lsvc4072-2mp-e-s specified in board_part file is either invalid or not available
WARNING: [Board 49-26] cannot add Board Part xilinx.com:vpk180:part0:1.1 available at C:/Xilinx/2025.1/data/xhub/boards\XilinxBoardStore\boards\Xilinx\vpk180\production\1.1\board.xml as part xcvp1802-lsvc4072-2mp-e-s specified in board_part file is either invalid or not available
WARNING: [Board 49-26] cannot add Board Part xilinx.com:vpk180:part0:1.2 available at C:/Xilinx/2025.1/data/xhub/boards\XilinxBoardStore\boards\Xilinx\vpk180\production\1.2\board.xml as part xcvp1802-lsvc4072-2mp-e-s specified in board_part file is either invalid or not available
WARNING: [Board 49-26] cannot add Board Part xilinx.com:zcu111:part0:1.2 available at C:/Xilinx/2025.1/data/xhub/boards\XilinxBoardStore\boards\Xilinx\zcu111\1.2\board.xml as part xczu28dr-ffvg1517-2-e specified in board_part file is either invalid or not available
WARNING: [Board 49-26] cannot add Board Part xilinx.com:zcu111:part0:1.3 available at C:/Xilinx/2025.1/data/xhub/boards\XilinxBoardStore\boards\Xilinx\zcu111\1.3\board.xml as part xczu28dr-ffvg1517-2-e specified in board_part file is either invalid or not available
WARNING: [Board 49-26] cannot add Board Part xilinx.com:zcu111:part0:1.4 available at C:/Xilinx/2025.1/data/xhub/boards\XilinxBoardStore\boards\Xilinx\zcu111\1.4\board.xml as part xczu28dr-ffvg1517-2-e specified in board_part file is either invalid or not available
WARNING: [Board 49-26] cannot add Board Part xilinx.com:zcu1275:part0:1.0 available at C:/Xilinx/2025.1/data/xhub/boards\XilinxBoardStore\boards\Xilinx\zcu1275\1.0\board.xml as part xczu29dr-ffvf1760-2-e specified in board_part file is either invalid or not available
WARNING: [Board 49-26] cannot add Board Part xilinx.com:zcu1285:part0:1.0 available at C:/Xilinx/2025.1/data/xhub/boards\XilinxBoardStore\boards\Xilinx\zcu1285\1.0\board.xml as part xczu39dr-ffvf1760-2-i specified in board_part file is either invalid or not available
WARNING: [Board 49-26] cannot add Board Part xilinx.com:zcu208:part0:2.0 available at C:/Xilinx/2025.1/data/xhub/boards\XilinxBoardStore\boards\Xilinx\zcu208\production\2.0\board.xml as part xczu48dr-fsvg1517-2-e specified in board_part file is either invalid or not available
WARNING: [Board 49-26] cannot add Board Part xilinx.com:zcu208ld:part0:2.0 available at C:/Xilinx/2025.1/data/xhub/boards\XilinxBoardStore\boards\Xilinx\zcu208ld\production\2.0\board.xml as part xczu58dr-fsvg1517-2-i specified in board_part file is either invalid or not available
WARNING: [Board 49-26] cannot add Board Part xilinx.com:zcu216:part0:2.0 available at C:/Xilinx/2025.1/data/xhub/boards\XilinxBoardStore\boards\Xilinx\zcu216\production\2.0\board.xml as part xczu49dr-ffvf1760-2-e specified in board_part file is either invalid or not available
WARNING: [Board 49-26] cannot add Board Part xilinx.com:zcu216ld:part0:2.0 available at C:/Xilinx/2025.1/data/xhub/boards\XilinxBoardStore\boards\Xilinx\zcu216ld\production\2.0\board.xml as part xczu59dr-ffvf1760-2-i specified in board_part file is either invalid or not available
WARNING: [Board 49-26] cannot add Board Part xilinx.com:zcu670:part0:2.0 available at C:/Xilinx/2025.1/data/xhub/boards\XilinxBoardStore\boards\Xilinx\zcu670\2.0\board.xml as part xczu67dr-fsve1156-2-i specified in board_part file is either invalid or not available
WARNING: [Board 49-26] cannot add Board Part xilinx.com:zcu670ld:part0:1.0 available at C:/Xilinx/2025.1/data/xhub/boards\XilinxBoardStore\boards\Xilinx\zcu670ld\1.0\board.xml as part xczu57dr-fsve1156-2-i specified in board_part file is either invalid or not available
INFO: [Project 1-313] Project file moved from 'D:/Projects/Verilog/AdderSubtractor_nbit' since last save.
INFO: [filemgmt 56-3] Default IP Output Path : Could not find the directory 'D:/IcDesign_Projects/Verilog/AdderSubtractor_nbit/AdderSubtractor_nbit.gen/sources_1'.
Scanning sources...
Finished scanning sources
WARNING: [Board 49-26] cannot add Board Part xilinx.com:emb-plus-vpr-4616:part0:1.0 available at C:/Xilinx/2025.1/data/xhub/boards\XilinxBoardStore\boards\Xilinx\emb-plus-vpr-4616\1.0\board.xml as part xcve2302-sfva784-2mp-e-s specified in board_part file is either invalid or not available
WARNING: [Board 49-26] cannot add Board Part xilinx.com:emb-plus-vpr-4616:part0:1.1 available at C:/Xilinx/2025.1/data/xhub/boards\XilinxBoardStore\boards\Xilinx\emb-plus-vpr-4616\1.1\board.xml as part xcve2302-sfva784-2mp-e-s specified in board_part file is either invalid or not available
WARNING: [Board 49-26] cannot add Board Part xilinx.com:kcu105:part0:1.6 available at C:/Xilinx/2025.1/data/xhub/boards\XilinxBoardStore\boards\Xilinx\kcu105\1.6\board.xml as part xcku040-ffva1156-2-e specified in board_part file is either invalid or not available
WARNING: [Board 49-26] cannot add Board Part xilinx.com:kcu105:part0:1.7 available at C:/Xilinx/2025.1/data/xhub/boards\XilinxBoardStore\boards\Xilinx\kcu105\1.7\board.xml as part xcku040-ffva1156-2-e specified in board_part file is either invalid or not available
WARNING: [Board 49-26] cannot add Board Part xilinx.com:v80:part0:1.0 available at C:/Xilinx/2025.1/data/xhub/boards\XilinxBoardStore\boards\Xilinx\v80\1.0\board.xml as part xcv80-lsva4737-2mhp-e-s specified in board_part file is either invalid or not available
WARNING: [Board 49-26] cannot add Board Part xilinx.com:vcu108:part0:1.6 available at C:/Xilinx/2025.1/data/xhub/boards\XilinxBoardStore\boards\Xilinx\vcu108\1.6\board.xml as part xcvu095-ffva2104-2-e specified in board_part file is either invalid or not available
WARNING: [Board 49-26] cannot add Board Part xilinx.com:vcu108:part0:1.7 available at C:/Xilinx/2025.1/data/xhub/boards\XilinxBoardStore\boards\Xilinx\vcu108\1.7\board.xml as part xcvu095-ffva2104-2-e specified in board_part file is either invalid or not available
WARNING: [Board 49-26] cannot add Board Part xilinx.com:vcu110:part0:1.4 available at C:/Xilinx/2025.1/data/xhub/boards\XilinxBoardStore\boards\Xilinx\vcu110\1.4\board.xml as part xcvu190-flgc2104-2-e specified in board_part file is either invalid or not available
WARNING: [Board 49-26] cannot add Board Part xilinx.com:vcu128:part0:1.0 available at C:/Xilinx/2025.1/data/xhub/boards\XilinxBoardStore\boards\Xilinx\vcu128\production\1.0\board.xml as part xcvu37p-fsvh2892-2l-e specified in board_part file is either invalid or not available
WARNING: [Board 49-26] cannot add Board Part xilinx.com:vcu129:part0:1.0 available at C:/Xilinx/2025.1/data/xhub/boards\XilinxBoardStore\boards\Xilinx\vcu129\production\1.0\board.xml as part xcvu29p-fsga2577-2l-e specified in board_part file is either invalid or not available
WARNING: [Board 49-26] cannot add Board Part xilinx.com:vek280:part0:1.0 available at C:/Xilinx/2025.1/data/xhub/boards\XilinxBoardStore\boards\Xilinx\vek280\production\1.0\board.xml as part xcve2802-vsvh1760-2mp-e-s specified in board_part file is either invalid or not available
WARNING: [Board 49-26] cannot add Board Part xilinx.com:vek280:part0:1.1 available at C:/Xilinx/2025.1/data/xhub/boards\XilinxBoardStore\boards\Xilinx\vek280\production\1.1\board.xml as part xcve2802-vsvh1760-2mp-e-s specified in board_part file is either invalid or not available
WARNING: [Board 49-26] cannot add Board Part xilinx.com:vek280:part0:1.2 available at C:/Xilinx/2025.1/data/xhub/boards\XilinxBoardStore\boards\Xilinx\vek280\production\1.2\board.xml as part xcve2802-vsvh1760-2mp-e-s specified in board_part file is either invalid or not available
WARNING: [Board 49-26] cannot add Board Part xilinx.com:vek385:part0:1.0 available at C:/Xilinx/2025.1/data/xhub/boards\XilinxBoardStore\boards\Xilinx\vek385\1.0\board.xml as part xc2ve3858-ssva2112-2mp-e-s specified in board_part file is either invalid or not available
WARNING: [Board 49-26] cannot add Board Part xilinx.com:vermeo_t1_rfsoc:part0:1.0 available at C:/Xilinx/2025.1/data/xhub/boards\XilinxBoardStore\boards\Xilinx\vermeo_t1_rfsoc\1.0\board.xml as part xczu21dr-ffvd1156-2l-e specified in board_part file is either invalid or not available
WARNING: [Board 49-26] cannot add Board Part xilinx.com:vhk158:part0:1.0 available at C:/Xilinx/2025.1/data/xhub/boards\XilinxBoardStore\boards\Xilinx\vhk158\production\1.0\board.xml as part xcvh1582-vsva3697-2mp-e-s specified in board_part file is either invalid or not available
WARNING: [Board 49-26] cannot add Board Part xilinx.com:vhk158:part0:1.1 available at C:/Xilinx/2025.1/data/xhub/boards\XilinxBoardStore\boards\Xilinx\vhk158\production\1.1\board.xml as part xcvh1582-vsva3697-2mp-e-s specified in board_part file is either invalid or not available
WARNING: [Board 49-26] cannot add Board Part xilinx.com:vhk158:part0:1.2 available at C:/Xilinx/2025.1/data/xhub/boards\XilinxBoardStore\boards\Xilinx\vhk158\production\1.2\board.xml as part xcvh1582-vsva3697-2mp-e-s specified in board_part file is either invalid or not available
WARNING: [Board 49-26] cannot add Board Part xilinx.com:vpk180:part0:1.0 available at C:/Xilinx/2025.1/data/xhub/boards\XilinxBoardStore\boards\Xilinx\vpk180\production\1.0\board.xml as part xcvp1802-lsvc4072-2mp-e-s specified in board_part file is either invalid or not available
WARNING: [Board 49-26] cannot add Board Part xilinx.com:vpk180:part0:1.1 available at C:/Xilinx/2025.1/data/xhub/boards\XilinxBoardStore\boards\Xilinx\vpk180\production\1.1\board.xml as part xcvp1802-lsvc4072-2mp-e-s specified in board_part file is either invalid or not available
WARNING: [Board 49-26] cannot add Board Part xilinx.com:vpk180:part0:1.2 available at C:/Xilinx/2025.1/data/xhub/boards\XilinxBoardStore\boards\Xilinx\vpk180\production\1.2\board.xml as part xcvp1802-lsvc4072-2mp-e-s specified in board_part file is either invalid or not available
WARNING: [Board 49-26] cannot add Board Part xilinx.com:zcu111:part0:1.2 available at C:/Xilinx/2025.1/data/xhub/boards\XilinxBoardStore\boards\Xilinx\zcu111\1.2\board.xml as part xczu28dr-ffvg1517-2-e specified in board_part file is either invalid or not available
WARNING: [Board 49-26] cannot add Board Part xilinx.com:zcu111:part0:1.3 available at C:/Xilinx/2025.1/data/xhub/boards\XilinxBoardStore\boards\Xilinx\zcu111\1.3\board.xml as part xczu28dr-ffvg1517-2-e specified in board_part file is either invalid or not available
WARNING: [Board 49-26] cannot add Board Part xilinx.com:zcu111:part0:1.4 available at C:/Xilinx/2025.1/data/xhub/boards\XilinxBoardStore\boards\Xilinx\zcu111\1.4\board.xml as part xczu28dr-ffvg1517-2-e specified in board_part file is either invalid or not available
WARNING: [Board 49-26] cannot add Board Part xilinx.com:zcu1275:part0:1.0 available at C:/Xilinx/2025.1/data/xhub/boards\XilinxBoardStore\boards\Xilinx\zcu1275\1.0\board.xml as part xczu29dr-ffvf1760-2-e specified in board_part file is either invalid or not available
WARNING: [Board 49-26] cannot add Board Part xilinx.com:zcu1285:part0:1.0 available at C:/Xilinx/2025.1/data/xhub/boards\XilinxBoardStore\boards\Xilinx\zcu1285\1.0\board.xml as part xczu39dr-ffvf1760-2-i specified in board_part file is either invalid or not available
WARNING: [Board 49-26] cannot add Board Part xilinx.com:zcu208:part0:2.0 available at C:/Xilinx/2025.1/data/xhub/boards\XilinxBoardStore\boards\Xilinx\zcu208\production\2.0\board.xml as part xczu48dr-fsvg1517-2-e specified in board_part file is either invalid or not available
WARNING: [Board 49-26] cannot add Board Part xilinx.com:zcu208ld:part0:2.0 available at C:/Xilinx/2025.1/data/xhub/boards\XilinxBoardStore\boards\Xilinx\zcu208ld\production\2.0\board.xml as part xczu58dr-fsvg1517-2-i specified in board_part file is either invalid or not available
WARNING: [Board 49-26] cannot add Board Part xilinx.com:zcu216:part0:2.0 available at C:/Xilinx/2025.1/data/xhub/boards\XilinxBoardStore\boards\Xilinx\zcu216\production\2.0\board.xml as part xczu49dr-ffvf1760-2-e specified in board_part file is either invalid or not available
WARNING: [Board 49-26] cannot add Board Part xilinx.com:zcu216ld:part0:2.0 available at C:/Xilinx/2025.1/data/xhub/boards\XilinxBoardStore\boards\Xilinx\zcu216ld\production\2.0\board.xml as part xczu59dr-ffvf1760-2-i specified in board_part file is either invalid or not available
WARNING: [Board 49-26] cannot add Board Part xilinx.com:zcu670:part0:2.0 available at C:/Xilinx/2025.1/data/xhub/boards\XilinxBoardStore\boards\Xilinx\zcu670\2.0\board.xml as part xczu67dr-fsve1156-2-i specified in board_part file is either invalid or not available
WARNING: [Board 49-26] cannot add Board Part xilinx.com:zcu670ld:part0:1.0 available at C:/Xilinx/2025.1/data/xhub/boards\XilinxBoardStore\boards\Xilinx\zcu670ld\1.0\board.xml as part xczu57dr-fsve1156-2-i specified in board_part file is either invalid or not available
WARNING: [Project 1-5713] Board part '' set for the project  is not found. BoardPart property will be unset. Please select board from latest repo build 
INFO: [IP_Flow 19-234] Refreshing IP repositories
INFO: [IP_Flow 19-1704] No user IP repositories specified
INFO: [IP_Flow 19-2313] Loaded Vivado IP repository 'C:/Xilinx/2025.1/Vivado/data/ip'.
open_project: Time (s): cpu = 00:00:14 ; elapsed = 00:00:06 . Memory (MB): peak = 1719.973 ; gain = 173.512
update_compile_order -fileset sources_1
synth_design -top adder_subtractor_nbit -part xc7vx485tffg1157-1 -lint 
Command: synth_design -top adder_subtractor_nbit -part xc7vx485tffg1157-1 -lint
Starting synth_design
Attempting to get a license for feature 'Synthesis' and/or device 'xc7vx485t'
INFO: [Common 17-349] Got license for feature 'Synthesis' and/or device 'xc7vx485t'
INFO: [Synth 8-7079] Multithreading enabled for synth_design using a maximum of 2 processes.
INFO: [Synth 8-7078] Launching helper process for spawning children vivado processes
INFO: [Synth 8-7075] Helper process launched with PID 16680
INFO: [Common 17-41] Interrupt caught. Command should exit soon.
INFO: [Common 17-344] 'source' was cancelled
INFO: [Common 17-83] Releasing license: Synthesis
7 Infos, 0 Warnings, 0 Critical Warnings and 0 Errors encountered.
synth_design completed successfully
INFO: [Common 17-344] 'synth_design' was cancelled
synth_design -rtl -rtl_skip_mlo -name rtl_1
Command: synth_design -rtl -rtl_skip_mlo -name rtl_1
Starting synth_design
Using part: xc7vx485tffg1157-1
Top: adder_subtractor_nbit
INFO: [Device 21-403] Loading part xc7vx485tffg1157-1
INFO: [Synth 8-7079] Multithreading enabled for synth_design using a maximum of 2 processes.
CRITICAL WARNING: [Synth 8-9873] overwriting previous definition of module 'AIE2PS_NOC_M_AXI' [C:/Xilinx/2025.1/Vivado/scripts/rt/data/unisim_comp.v:128]
INFO: [Synth 8-9937] previous definition of design element 'AIE2PS_NOC_M_AXI' is here [C:/Xilinx/2025.1/Vivado/scripts/rt/data/unisim_comp.v:128]
CRITICAL WARNING: [Synth 8-9873] overwriting previous definition of module 'AIE2PS_NOC_M_AXIS' [C:/Xilinx/2025.1/Vivado/scripts/rt/data/unisim_comp.v:160]
INFO: [Synth 8-9937] previous definition of design element 'AIE2PS_NOC_M_AXIS' is here [C:/Xilinx/2025.1/Vivado/scripts/rt/data/unisim_comp.v:160]
CRITICAL WARNING: [Synth 8-9873] overwriting previous definition of module 'AIE2PS_NOC_S_AXI' [C:/Xilinx/2025.1/Vivado/scripts/rt/data/unisim_comp.v:270]
INFO: [Synth 8-9937] previous definition of design element 'AIE2PS_NOC_S_AXI' is here [C:/Xilinx/2025.1/Vivado/scripts/rt/data/unisim_comp.v:270]
CRITICAL WARNING: [Synth 8-9873] overwriting previous definition of module 'AIE2PS_NOC_S_AXIS' [C:/Xilinx/2025.1/Vivado/scripts/rt/data/unisim_comp.v:302]
INFO: [Synth 8-9937] previous definition of design element 'AIE2PS_NOC_S_AXIS' is here [C:/Xilinx/2025.1/Vivado/scripts/rt/data/unisim_comp.v:302]
CRITICAL WARNING: [Synth 8-9873] overwriting previous definition of module 'AIE2PS_PL_M_AXIS128' [C:/Xilinx/2025.1/Vivado/scripts/rt/data/unisim_comp.v:322]
INFO: [Synth 8-9937] previous definition of design element 'AIE2PS_PL_M_AXIS128' is here [C:/Xilinx/2025.1/Vivado/scripts/rt/data/unisim_comp.v:322]
CRITICAL WARNING: [Synth 8-9873] overwriting previous definition of module 'AIE2PS_PL_M_AXIS32' [C:/Xilinx/2025.1/Vivado/scripts/rt/data/unisim_comp.v:342]
INFO: [Synth 8-9937] previous definition of design element 'AIE2PS_PL_M_AXIS32' is here [C:/Xilinx/2025.1/Vivado/scripts/rt/data/unisim_comp.v:342]
CRITICAL WARNING: [Synth 8-9873] overwriting previous definition of module 'AIE2PS_PL_M_AXIS64' [C:/Xilinx/2025.1/Vivado/scripts/rt/data/unisim_comp.v:362]
INFO: [Synth 8-9937] previous definition of design element 'AIE2PS_PL_M_AXIS64' is here [C:/Xilinx/2025.1/Vivado/scripts/rt/data/unisim_comp.v:362]
CRITICAL WARNING: [Synth 8-9873] overwriting previous definition of module 'AIE2PS_PL_M_EVENTS' [C:/Xilinx/2025.1/Vivado/scripts/rt/data/unisim_comp.v:372]
INFO: [Synth 8-9937] previous definition of design element 'AIE2PS_PL_M_EVENTS' is here [C:/Xilinx/2025.1/Vivado/scripts/rt/data/unisim_comp.v:372]
CRITICAL WARNING: [Synth 8-9873] overwriting previous definition of module 'AIE2PS_PL_S_AXIS128' [C:/Xilinx/2025.1/Vivado/scripts/rt/data/unisim_comp.v:392]
INFO: [Synth 8-9937] previous definition of design element 'AIE2PS_PL_S_AXIS128' is here [C:/Xilinx/2025.1/Vivado/scripts/rt/data/unisim_comp.v:392]
CRITICAL WARNING: [Synth 8-9873] overwriting previous definition of module 'AIE2PS_PL_S_AXIS32' [C:/Xilinx/2025.1/Vivado/scripts/rt/data/unisim_comp.v:412]
INFO: [Synth 8-9937] previous definition of design element 'AIE2PS_PL_S_AXIS32' is here [C:/Xilinx/2025.1/Vivado/scripts/rt/data/unisim_comp.v:412]
CRITICAL WARNING: [Synth 8-9873] overwriting previous definition of module 'AIE2PS_PL_S_AXIS64' [C:/Xilinx/2025.1/Vivado/scripts/rt/data/unisim_comp.v:432]
INFO: [Synth 8-9937] previous definition of design element 'AIE2PS_PL_S_AXIS64' is here [C:/Xilinx/2025.1/Vivado/scripts/rt/data/unisim_comp.v:432]
CRITICAL WARNING: [Synth 8-9873] overwriting previous definition of module 'AIE2PS_PL_S_EVENTS' [C:/Xilinx/2025.1/Vivado/scripts/rt/data/unisim_comp.v:442]
INFO: [Synth 8-9937] previous definition of design element 'AIE2PS_PL_S_EVENTS' is here [C:/Xilinx/2025.1/Vivado/scripts/rt/data/unisim_comp.v:442]
CRITICAL WARNING: [Synth 8-9873] overwriting previous definition of module 'AIE2P_PL_M_AXIS128' [C:/Xilinx/2025.1/Vivado/scripts/rt/data/unisim_comp.v:462]
INFO: [Synth 8-9937] previous definition of design element 'AIE2P_PL_M_AXIS128' is here [C:/Xilinx/2025.1/Vivado/scripts/rt/data/unisim_comp.v:462]
CRITICAL WARNING: [Synth 8-9873] overwriting previous definition of module 'AIE2P_PL_M_AXIS32' [C:/Xilinx/2025.1/Vivado/scripts/rt/data/unisim_comp.v:482]
INFO: [Synth 8-9937] previous definition of design element 'AIE2P_PL_M_AXIS32' is here [C:/Xilinx/2025.1/Vivado/scripts/rt/data/unisim_comp.v:482]
CRITICAL WARNING: [Synth 8-9873] overwriting previous definition of module 'AIE2P_PL_M_AXIS64' [C:/Xilinx/2025.1/Vivado/scripts/rt/data/unisim_comp.v:502]
INFO: [Synth 8-9937] previous definition of design element 'AIE2P_PL_M_AXIS64' is here [C:/Xilinx/2025.1/Vivado/scripts/rt/data/unisim_comp.v:502]
CRITICAL WARNING: [Synth 8-9873] overwriting previous definition of module 'AIE2P_PL_M_EVENTS' [C:/Xilinx/2025.1/Vivado/scripts/rt/data/unisim_comp.v:512]
INFO: [Synth 8-9937] previous definition of design element 'AIE2P_PL_M_EVENTS' is here [C:/Xilinx/2025.1/Vivado/scripts/rt/data/unisim_comp.v:512]
CRITICAL WARNING: [Synth 8-9873] overwriting previous definition of module 'AIE2P_PL_S_AXIS128' [C:/Xilinx/2025.1/Vivado/scripts/rt/data/unisim_comp.v:532]
INFO: [Synth 8-9937] previous definition of design element 'AIE2P_PL_S_AXIS128' is here [C:/Xilinx/2025.1/Vivado/scripts/rt/data/unisim_comp.v:532]
CRITICAL WARNING: [Synth 8-9873] overwriting previous definition of module 'AIE2P_PL_S_AXIS32' [C:/Xilinx/2025.1/Vivado/scripts/rt/data/unisim_comp.v:552]
INFO: [Synth 8-9937] previous definition of design element 'AIE2P_PL_S_AXIS32' is here [C:/Xilinx/2025.1/Vivado/scripts/rt/data/unisim_comp.v:552]
CRITICAL WARNING: [Synth 8-9873] overwriting previous definition of module 'AIE2P_PL_S_AXIS64' [C:/Xilinx/2025.1/Vivado/scripts/rt/data/unisim_comp.v:572]
INFO: [Synth 8-9937] previous definition of design element 'AIE2P_PL_S_AXIS64' is here [C:/Xilinx/2025.1/Vivado/scripts/rt/data/unisim_comp.v:572]
CRITICAL WARNING: [Synth 8-9873] overwriting previous definition of module 'AIE2P_PL_S_EVENTS' [C:/Xilinx/2025.1/Vivado/scripts/rt/data/unisim_comp.v:582]
INFO: [Synth 8-9937] previous definition of design element 'AIE2P_PL_S_EVENTS' is here [C:/Xilinx/2025.1/Vivado/scripts/rt/data/unisim_comp.v:582]
CRITICAL WARNING: [Synth 8-9873] overwriting previous definition of module 'AIE_ML_NOC_M_AXI' [C:/Xilinx/2025.1/Vivado/scripts/rt/data/unisim_comp.v:700]
INFO: [Synth 8-9937] previous definition of design element 'AIE_ML_NOC_M_AXI' is here [C:/Xilinx/2025.1/Vivado/scripts/rt/data/unisim_comp.v:700]
CRITICAL WARNING: [Synth 8-9873] overwriting previous definition of module 'AIE_ML_NOC_M_AXIS' [C:/Xilinx/2025.1/Vivado/scripts/rt/data/unisim_comp.v:732]
INFO: [Synth 8-9937] previous definition of design element 'AIE_ML_NOC_M_AXIS' is here [C:/Xilinx/2025.1/Vivado/scripts/rt/data/unisim_comp.v:732]
CRITICAL WARNING: [Synth 8-9873] overwriting previous definition of module 'AIE_ML_NOC_S_AXI' [C:/Xilinx/2025.1/Vivado/scripts/rt/data/unisim_comp.v:842]
INFO: [Synth 8-9937] previous definition of design element 'AIE_ML_NOC_S_AXI' is here [C:/Xilinx/2025.1/Vivado/scripts/rt/data/unisim_comp.v:842]
CRITICAL WARNING: [Synth 8-9873] overwriting previous definition of module 'AIE_ML_NOC_S_AXIS' [C:/Xilinx/2025.1/Vivado/scripts/rt/data/unisim_comp.v:874]
INFO: [Synth 8-9937] previous definition of design element 'AIE_ML_NOC_S_AXIS' is here [C:/Xilinx/2025.1/Vivado/scripts/rt/data/unisim_comp.v:874]
CRITICAL WARNING: [Synth 8-9873] overwriting previous definition of module 'AIE_ML_PL_M_AXIS128' [C:/Xilinx/2025.1/Vivado/scripts/rt/data/unisim_comp.v:894]
INFO: [Synth 8-9937] previous definition of design element 'AIE_ML_PL_M_AXIS128' is here [C:/Xilinx/2025.1/Vivado/scripts/rt/data/unisim_comp.v:894]
CRITICAL WARNING: [Synth 8-9873] overwriting previous definition of module 'AIE_ML_PL_M_AXIS32' [C:/Xilinx/2025.1/Vivado/scripts/rt/data/unisim_comp.v:914]
INFO: [Synth 8-9937] previous definition of design element 'AIE_ML_PL_M_AXIS32' is here [C:/Xilinx/2025.1/Vivado/scripts/rt/data/unisim_comp.v:914]
CRITICAL WARNING: [Synth 8-9873] overwriting previous definition of module 'AIE_ML_PL_M_AXIS64' [C:/Xilinx/2025.1/Vivado/scripts/rt/data/unisim_comp.v:934]
INFO: [Synth 8-9937] previous definition of design element 'AIE_ML_PL_M_AXIS64' is here [C:/Xilinx/2025.1/Vivado/scripts/rt/data/unisim_comp.v:934]
CRITICAL WARNING: [Synth 8-9873] overwriting previous definition of module 'AIE_ML_PL_M_EVENTS' [C:/Xilinx/2025.1/Vivado/scripts/rt/data/unisim_comp.v:944]
INFO: [Synth 8-9937] previous definition of design element 'AIE_ML_PL_M_EVENTS' is here [C:/Xilinx/2025.1/Vivado/scripts/rt/data/unisim_comp.v:944]
CRITICAL WARNING: [Synth 8-9873] overwriting previous definition of module 'AIE_ML_PL_S_AXIS128' [C:/Xilinx/2025.1/Vivado/scripts/rt/data/unisim_comp.v:964]
INFO: [Synth 8-9937] previous definition of design element 'AIE_ML_PL_S_AXIS128' is here [C:/Xilinx/2025.1/Vivado/scripts/rt/data/unisim_comp.v:964]
CRITICAL WARNING: [Synth 8-9873] overwriting previous definition of module 'AIE_ML_PL_S_AXIS32' [C:/Xilinx/2025.1/Vivado/scripts/rt/data/unisim_comp.v:984]
INFO: [Synth 8-9937] previous definition of design element 'AIE_ML_PL_S_AXIS32' is here [C:/Xilinx/2025.1/Vivado/scripts/rt/data/unisim_comp.v:984]
CRITICAL WARNING: [Synth 8-9873] overwriting previous definition of module 'AIE_ML_PL_S_AXIS64' [C:/Xilinx/2025.1/Vivado/scripts/rt/data/unisim_comp.v:1004]
INFO: [Synth 8-9937] previous definition of design element 'AIE_ML_PL_S_AXIS64' is here [C:/Xilinx/2025.1/Vivado/scripts/rt/data/unisim_comp.v:1004]
CRITICAL WARNING: [Synth 8-9873] overwriting previous definition of module 'AIE_ML_PL_S_EVENTS' [C:/Xilinx/2025.1/Vivado/scripts/rt/data/unisim_comp.v:1014]
INFO: [Synth 8-9937] previous definition of design element 'AIE_ML_PL_S_EVENTS' is here [C:/Xilinx/2025.1/Vivado/scripts/rt/data/unisim_comp.v:1014]
CRITICAL WARNING: [Synth 8-9873] overwriting previous definition of module 'AIE_NOC_M_AXI' [C:/Xilinx/2025.1/Vivado/scripts/rt/data/unisim_comp.v:1132]
INFO: [Synth 8-9937] previous definition of design element 'AIE_NOC_M_AXI' is here [C:/Xilinx/2025.1/Vivado/scripts/rt/data/unisim_comp.v:1132]
CRITICAL WARNING: [Synth 8-9873] overwriting previous definition of module 'AIE_NOC_M_AXIS' [C:/Xilinx/2025.1/Vivado/scripts/rt/data/unisim_comp.v:1164]
INFO: [Synth 8-9937] previous definition of design element 'AIE_NOC_M_AXIS' is here [C:/Xilinx/2025.1/Vivado/scripts/rt/data/unisim_comp.v:1164]
CRITICAL WARNING: [Synth 8-9873] overwriting previous definition of module 'AIE_NOC_S_AXI' [C:/Xilinx/2025.1/Vivado/scripts/rt/data/unisim_comp.v:1274]
INFO: [Synth 8-9937] previous definition of design element 'AIE_NOC_S_AXI' is here [C:/Xilinx/2025.1/Vivado/scripts/rt/data/unisim_comp.v:1274]
CRITICAL WARNING: [Synth 8-9873] overwriting previous definition of module 'AIE_NOC_S_AXIS' [C:/Xilinx/2025.1/Vivado/scripts/rt/data/unisim_comp.v:1306]
INFO: [Synth 8-9937] previous definition of design element 'AIE_NOC_S_AXIS' is here [C:/Xilinx/2025.1/Vivado/scripts/rt/data/unisim_comp.v:1306]
CRITICAL WARNING: [Synth 8-9873] overwriting previous definition of module 'AIE_PL_M_AXIS128' [C:/Xilinx/2025.1/Vivado/scripts/rt/data/unisim_comp.v:1326]
INFO: [Synth 8-9937] previous definition of design element 'AIE_PL_M_AXIS128' is here [C:/Xilinx/2025.1/Vivado/scripts/rt/data/unisim_comp.v:1326]
CRITICAL WARNING: [Synth 8-9873] overwriting previous definition of module 'AIE_PL_M_AXIS32' [C:/Xilinx/2025.1/Vivado/scripts/rt/data/unisim_comp.v:1346]
INFO: [Synth 8-9937] previous definition of design element 'AIE_PL_M_AXIS32' is here [C:/Xilinx/2025.1/Vivado/scripts/rt/data/unisim_comp.v:1346]
CRITICAL WARNING: [Synth 8-9873] overwriting previous definition of module 'AIE_PL_M_AXIS64' [C:/Xilinx/2025.1/Vivado/scripts/rt/data/unisim_comp.v:1366]
INFO: [Synth 8-9937] previous definition of design element 'AIE_PL_M_AXIS64' is here [C:/Xilinx/2025.1/Vivado/scripts/rt/data/unisim_comp.v:1366]
CRITICAL WARNING: [Synth 8-9873] overwriting previous definition of module 'AIE_PL_M_EVENTS' [C:/Xilinx/2025.1/Vivado/scripts/rt/data/unisim_comp.v:1376]
INFO: [Synth 8-9937] previous definition of design element 'AIE_PL_M_EVENTS' is here [C:/Xilinx/2025.1/Vivado/scripts/rt/data/unisim_comp.v:1376]
CRITICAL WARNING: [Synth 8-9873] overwriting previous definition of module 'AIE_PL_S_AXIS128' [C:/Xilinx/2025.1/Vivado/scripts/rt/data/unisim_comp.v:1396]
INFO: [Synth 8-9937] previous definition of design element 'AIE_PL_S_AXIS128' is here [C:/Xilinx/2025.1/Vivado/scripts/rt/data/unisim_comp.v:1396]
CRITICAL WARNING: [Synth 8-9873] overwriting previous definition of module 'AIE_PL_S_AXIS32' [C:/Xilinx/2025.1/Vivado/scripts/rt/data/unisim_comp.v:1416]
INFO: [Synth 8-9937] previous definition of design element 'AIE_PL_S_AXIS32' is here [C:/Xilinx/2025.1/Vivado/scripts/rt/data/unisim_comp.v:1416]
CRITICAL WARNING: [Synth 8-9873] overwriting previous definition of module 'AIE_PL_S_AXIS64' [C:/Xilinx/2025.1/Vivado/scripts/rt/data/unisim_comp.v:1436]
INFO: [Synth 8-9937] previous definition of design element 'AIE_PL_S_AXIS64' is here [C:/Xilinx/2025.1/Vivado/scripts/rt/data/unisim_comp.v:1436]
CRITICAL WARNING: [Synth 8-9873] overwriting previous definition of module 'AIE_PL_S_EVENTS' [C:/Xilinx/2025.1/Vivado/scripts/rt/data/unisim_comp.v:1446]
INFO: [Synth 8-9937] previous definition of design element 'AIE_PL_S_EVENTS' is here [C:/Xilinx/2025.1/Vivado/scripts/rt/data/unisim_comp.v:1446]
CRITICAL WARNING: [Synth 8-9873] overwriting previous definition of module 'AMS_ADC' [C:/Xilinx/2025.1/Vivado/scripts/rt/data/unisim_comp.v:1460]
INFO: [Synth 8-9937] previous definition of design element 'AMS_ADC' is here [C:/Xilinx/2025.1/Vivado/scripts/rt/data/unisim_comp.v:1460]
CRITICAL WARNING: [Synth 8-9873] overwriting previous definition of module 'AMS_DAC' [C:/Xilinx/2025.1/Vivado/scripts/rt/data/unisim_comp.v:1474]
INFO: [Synth 8-9937] previous definition of design element 'AMS_DAC' is here [C:/Xilinx/2025.1/Vivado/scripts/rt/data/unisim_comp.v:1474]
CRITICAL WARNING: [Synth 8-9873] overwriting previous definition of module 'AND2' [C:/Xilinx/2025.1/Vivado/scripts/rt/data/unisim_comp.v:1486]
INFO: [Synth 8-9937] previous definition of design element 'AND2' is here [C:/Xilinx/2025.1/Vivado/scripts/rt/data/unisim_comp.v:1486]
CRITICAL WARNING: [Synth 8-9873] overwriting previous definition of module 'AND2B1' [C:/Xilinx/2025.1/Vivado/scripts/rt/data/unisim_comp.v:1498]
INFO: [Synth 8-9937] previous definition of design element 'AND2B1' is here [C:/Xilinx/2025.1/Vivado/scripts/rt/data/unisim_comp.v:1498]
CRITICAL WARNING: [Synth 8-9873] overwriting previous definition of module 'AND2B1L' [C:/Xilinx/2025.1/Vivado/scripts/rt/data/unisim_comp.v:1511]
INFO: [Synth 8-9937] previous definition of design element 'AND2B1L' is here [C:/Xilinx/2025.1/Vivado/scripts/rt/data/unisim_comp.v:1511]
CRITICAL WARNING: [Synth 8-9873] overwriting previous definition of module 'AND2B2' [C:/Xilinx/2025.1/Vivado/scripts/rt/data/unisim_comp.v:1522]
INFO: [Synth 8-9937] previous definition of design element 'AND2B2' is here [C:/Xilinx/2025.1/Vivado/scripts/rt/data/unisim_comp.v:1522]
CRITICAL WARNING: [Synth 8-9873] overwriting previous definition of module 'AND3' [C:/Xilinx/2025.1/Vivado/scripts/rt/data/unisim_comp.v:1534]
INFO: [Synth 8-9937] previous definition of design element 'AND3' is here [C:/Xilinx/2025.1/Vivado/scripts/rt/data/unisim_comp.v:1534]
CRITICAL WARNING: [Synth 8-9873] overwriting previous definition of module 'AND3B1' [C:/Xilinx/2025.1/Vivado/scripts/rt/data/unisim_comp.v:1546]
INFO: [Synth 8-9937] previous definition of design element 'AND3B1' is here [C:/Xilinx/2025.1/Vivado/scripts/rt/data/unisim_comp.v:1546]
CRITICAL WARNING: [Synth 8-9873] overwriting previous definition of module 'AND3B2' [C:/Xilinx/2025.1/Vivado/scripts/rt/data/unisim_comp.v:1558]
INFO: [Synth 8-9937] previous definition of design element 'AND3B2' is here [C:/Xilinx/2025.1/Vivado/scripts/rt/data/unisim_comp.v:1558]
CRITICAL WARNING: [Synth 8-9873] overwriting previous definition of module 'AND3B3' [C:/Xilinx/2025.1/Vivado/scripts/rt/data/unisim_comp.v:1570]
INFO: [Synth 8-9937] previous definition of design element 'AND3B3' is here [C:/Xilinx/2025.1/Vivado/scripts/rt/data/unisim_comp.v:1570]
CRITICAL WARNING: [Synth 8-9873] overwriting previous definition of module 'AND4' [C:/Xilinx/2025.1/Vivado/scripts/rt/data/unisim_comp.v:1583]
INFO: [Synth 8-9937] previous definition of design element 'AND4' is here [C:/Xilinx/2025.1/Vivado/scripts/rt/data/unisim_comp.v:1583]
CRITICAL WARNING: [Synth 8-9873] overwriting previous definition of module 'AND4B1' [C:/Xilinx/2025.1/Vivado/scripts/rt/data/unisim_comp.v:1596]
INFO: [Synth 8-9937] previous definition of design element 'AND4B1' is here [C:/Xilinx/2025.1/Vivado/scripts/rt/data/unisim_comp.v:1596]
CRITICAL WARNING: [Synth 8-9873] overwriting previous definition of module 'AND4B2' [C:/Xilinx/2025.1/Vivado/scripts/rt/data/unisim_comp.v:1609]
INFO: [Synth 8-9937] previous definition of design element 'AND4B2' is here [C:/Xilinx/2025.1/Vivado/scripts/rt/data/unisim_comp.v:1609]
CRITICAL WARNING: [Synth 8-9873] overwriting previous definition of module 'AND4B3' [C:/Xilinx/2025.1/Vivado/scripts/rt/data/unisim_comp.v:1622]
INFO: [Synth 8-9937] previous definition of design element 'AND4B3' is here [C:/Xilinx/2025.1/Vivado/scripts/rt/data/unisim_comp.v:1622]
CRITICAL WARNING: [Synth 8-9873] overwriting previous definition of module 'AND4B4' [C:/Xilinx/2025.1/Vivado/scripts/rt/data/unisim_comp.v:1635]
INFO: [Synth 8-9937] previous definition of design element 'AND4B4' is here [C:/Xilinx/2025.1/Vivado/scripts/rt/data/unisim_comp.v:1635]
CRITICAL WARNING: [Synth 8-9873] overwriting previous definition of module 'AND5' [C:/Xilinx/2025.1/Vivado/scripts/rt/data/unisim_comp.v:1649]
INFO: [Synth 8-9937] previous definition of design element 'AND5' is here [C:/Xilinx/2025.1/Vivado/scripts/rt/data/unisim_comp.v:1649]
CRITICAL WARNING: [Synth 8-9873] overwriting previous definition of module 'AND5B1' [C:/Xilinx/2025.1/Vivado/scripts/rt/data/unisim_comp.v:1663]
INFO: [Synth 8-9937] previous definition of design element 'AND5B1' is here [C:/Xilinx/2025.1/Vivado/scripts/rt/data/unisim_comp.v:1663]
CRITICAL WARNING: [Synth 8-9873] overwriting previous definition of module 'AND5B2' [C:/Xilinx/2025.1/Vivado/scripts/rt/data/unisim_comp.v:1677]
INFO: [Synth 8-9937] previous definition of design element 'AND5B2' is here [C:/Xilinx/2025.1/Vivado/scripts/rt/data/unisim_comp.v:1677]
CRITICAL WARNING: [Synth 8-9873] overwriting previous definition of module 'AND5B3' [C:/Xilinx/2025.1/Vivado/scripts/rt/data/unisim_comp.v:1691]
INFO: [Synth 8-9937] previous definition of design element 'AND5B3' is here [C:/Xilinx/2025.1/Vivado/scripts/rt/data/unisim_comp.v:1691]
CRITICAL WARNING: [Synth 8-9873] overwriting previous definition of module 'AND5B4' [C:/Xilinx/2025.1/Vivado/scripts/rt/data/unisim_comp.v:1705]
INFO: [Synth 8-9937] previous definition of design element 'AND5B4' is here [C:/Xilinx/2025.1/Vivado/scripts/rt/data/unisim_comp.v:1705]
CRITICAL WARNING: [Synth 8-9873] overwriting previous definition of module 'AND5B5' [C:/Xilinx/2025.1/Vivado/scripts/rt/data/unisim_comp.v:1719]
INFO: [Synth 8-9937] previous definition of design element 'AND5B5' is here [C:/Xilinx/2025.1/Vivado/scripts/rt/data/unisim_comp.v:1719]
CRITICAL WARNING: [Synth 8-9873] overwriting previous definition of module 'AUTOBUF' [C:/Xilinx/2025.1/Vivado/scripts/rt/data/unisim_comp.v:1730]
INFO: [Synth 8-9937] previous definition of design element 'AUTOBUF' is here [C:/Xilinx/2025.1/Vivado/scripts/rt/data/unisim_comp.v:1730]
CRITICAL WARNING: [Synth 8-9873] overwriting previous definition of module 'AXI32' [C:/Xilinx/2025.1/Vivado/scripts/rt/data/unisim_comp.v:1814]
INFO: [Synth 8-9937] previous definition of design element 'AXI32' is here [C:/Xilinx/2025.1/Vivado/scripts/rt/data/unisim_comp.v:1814]
CRITICAL WARNING: [Synth 8-9873] overwriting previous definition of module 'BFR_FT' [C:/Xilinx/2025.1/Vivado/scripts/rt/data/unisim_comp.v:1884]
INFO: [Synth 8-9937] previous definition of design element 'BFR_FT' is here [C:/Xilinx/2025.1/Vivado/scripts/rt/data/unisim_comp.v:1884]
CRITICAL WARNING: [Synth 8-9873] overwriting previous definition of module 'BFR_MATMULX' [C:/Xilinx/2025.1/Vivado/scripts/rt/data/unisim_comp.v:2322]
INFO: [Synth 8-9937] previous definition of design element 'BFR_MATMULX' is here [C:/Xilinx/2025.1/Vivado/scripts/rt/data/unisim_comp.v:2322]
CRITICAL WARNING: [Synth 8-9873] overwriting previous definition of module 'BIBUF' [C:/Xilinx/2025.1/Vivado/scripts/rt/data/unisim_comp.v:2332]
INFO: [Synth 8-9937] previous definition of design element 'BIBUF' is here [C:/Xilinx/2025.1/Vivado/scripts/rt/data/unisim_comp.v:2332]
CRITICAL WARNING: [Synth 8-9873] overwriting previous definition of module 'BITSLICE_CONTROL' [C:/Xilinx/2025.1/Vivado/scripts/rt/data/unisim_comp.v:2476]
INFO: [Synth 8-9937] previous definition of design element 'BITSLICE_CONTROL' is here [C:/Xilinx/2025.1/Vivado/scripts/rt/data/unisim_comp.v:2476]
CRITICAL WARNING: [Synth 8-9873] overwriting previous definition of module 'BSCANE2' [C:/Xilinx/2025.1/Vivado/scripts/rt/data/unisim_comp.v:2506]
INFO: [Synth 8-9937] previous definition of design element 'BSCANE2' is here [C:/Xilinx/2025.1/Vivado/scripts/rt/data/unisim_comp.v:2506]
CRITICAL WARNING: [Synth 8-9873] overwriting previous definition of module 'BSCAN_SPARTAN3' [C:/Xilinx/2025.1/Vivado/scripts/rt/data/unisim_comp.v:2525]
INFO: [Synth 8-9937] previous definition of design element 'BSCAN_SPARTAN3' is here [C:/Xilinx/2025.1/Vivado/scripts/rt/data/unisim_comp.v:2525]
CRITICAL WARNING: [Synth 8-9873] overwriting previous definition of module 'BSCAN_SPARTAN3A' [C:/Xilinx/2025.1/Vivado/scripts/rt/data/unisim_comp.v:2546]
INFO: [Synth 8-9937] previous definition of design element 'BSCAN_SPARTAN3A' is here [C:/Xilinx/2025.1/Vivado/scripts/rt/data/unisim_comp.v:2546]
CRITICAL WARNING: [Synth 8-9873] overwriting previous definition of module 'BSCAN_SPARTAN6' [C:/Xilinx/2025.1/Vivado/scripts/rt/data/unisim_comp.v:2566]
INFO: [Synth 8-9937] previous definition of design element 'BSCAN_SPARTAN6' is here [C:/Xilinx/2025.1/Vivado/scripts/rt/data/unisim_comp.v:2566]
CRITICAL WARNING: [Synth 8-9873] overwriting previous definition of module 'BSCAN_VIRTEX4' [C:/Xilinx/2025.1/Vivado/scripts/rt/data/unisim_comp.v:2583]
INFO: [Synth 8-9937] previous definition of design element 'BSCAN_VIRTEX4' is here [C:/Xilinx/2025.1/Vivado/scripts/rt/data/unisim_comp.v:2583]
CRITICAL WARNING: [Synth 8-9873] overwriting previous definition of module 'BSCAN_VIRTEX5' [C:/Xilinx/2025.1/Vivado/scripts/rt/data/unisim_comp.v:2600]
INFO: [Synth 8-9937] previous definition of design element 'BSCAN_VIRTEX5' is here [C:/Xilinx/2025.1/Vivado/scripts/rt/data/unisim_comp.v:2600]
CRITICAL WARNING: [Synth 8-9873] overwriting previous definition of module 'BSCAN_VIRTEX6' [C:/Xilinx/2025.1/Vivado/scripts/rt/data/unisim_comp.v:2621]
INFO: [Synth 8-9937] previous definition of design element 'BSCAN_VIRTEX6' is here [C:/Xilinx/2025.1/Vivado/scripts/rt/data/unisim_comp.v:2621]
CRITICAL WARNING: [Synth 8-9873] overwriting previous definition of module 'BUF' [C:/Xilinx/2025.1/Vivado/scripts/rt/data/unisim_comp.v:2631]
INFO: [Synth 8-9937] previous definition of design element 'BUF' is here [C:/Xilinx/2025.1/Vivado/scripts/rt/data/unisim_comp.v:2631]
CRITICAL WARNING: [Synth 8-9873] overwriting previous definition of module 'BUFCE_LEAF' [C:/Xilinx/2025.1/Vivado/scripts/rt/data/unisim_comp.v:2646]
INFO: [Synth 8-9937] previous definition of design element 'BUFCE_LEAF' is here [C:/Xilinx/2025.1/Vivado/scripts/rt/data/unisim_comp.v:2646]
CRITICAL WARNING: [Synth 8-9873] overwriting previous definition of module 'BUFCE_ROW' [C:/Xilinx/2025.1/Vivado/scripts/rt/data/unisim_comp.v:2661]
INFO: [Synth 8-9937] previous definition of design element 'BUFCE_ROW' is here [C:/Xilinx/2025.1/Vivado/scripts/rt/data/unisim_comp.v:2661]
CRITICAL WARNING: [Synth 8-9873] overwriting previous definition of module 'BUFDIV_LEAF' [C:/Xilinx/2025.1/Vivado/scripts/rt/data/unisim_comp.v:2675]
INFO: [Synth 8-9937] previous definition of design element 'BUFDIV_LEAF' is here [C:/Xilinx/2025.1/Vivado/scripts/rt/data/unisim_comp.v:2675]
CRITICAL WARNING: [Synth 8-9873] overwriting previous definition of module 'BUFG' [C:/Xilinx/2025.1/Vivado/scripts/rt/data/unisim_comp.v:2685]
INFO: [Synth 8-9937] previous definition of design element 'BUFG' is here [C:/Xilinx/2025.1/Vivado/scripts/rt/data/unisim_comp.v:2685]
CRITICAL WARNING: [Synth 8-9873] overwriting previous definition of module 'BUFGCE' [C:/Xilinx/2025.1/Vivado/scripts/rt/data/unisim_comp.v:2702]
INFO: [Synth 8-9937] previous definition of design element 'BUFGCE' is here [C:/Xilinx/2025.1/Vivado/scripts/rt/data/unisim_comp.v:2702]
CRITICAL WARNING: [Synth 8-9873] overwriting previous definition of module 'BUFGCE_1' [C:/Xilinx/2025.1/Vivado/scripts/rt/data/unisim_comp.v:2715]
INFO: [Synth 8-9937] previous definition of design element 'BUFGCE_1' is here [C:/Xilinx/2025.1/Vivado/scripts/rt/data/unisim_comp.v:2715]
CRITICAL WARNING: [Synth 8-9873] overwriting previous definition of module 'BUFGCE_DIV' [C:/Xilinx/2025.1/Vivado/scripts/rt/data/unisim_comp.v:2737]
INFO: [Synth 8-9937] previous definition of design element 'BUFGCE_DIV' is here [C:/Xilinx/2025.1/Vivado/scripts/rt/data/unisim_comp.v:2737]
CRITICAL WARNING: [Synth 8-9873] overwriting previous definition of module 'BUFGCTRL' [C:/Xilinx/2025.1/Vivado/scripts/rt/data/unisim_comp.v:2776]
INFO: [Synth 8-9937] previous definition of design element 'BUFGCTRL' is here [C:/Xilinx/2025.1/Vivado/scripts/rt/data/unisim_comp.v:2776]
CRITICAL WARNING: [Synth 8-9873] overwriting previous definition of module 'BUFGMUX' [C:/Xilinx/2025.1/Vivado/scripts/rt/data/unisim_comp.v:2791]
INFO: [Synth 8-9937] previous definition of design element 'BUFGMUX' is here [C:/Xilinx/2025.1/Vivado/scripts/rt/data/unisim_comp.v:2791]
CRITICAL WARNING: [Synth 8-9873] overwriting previous definition of module 'BUFGMUX_1' [C:/Xilinx/2025.1/Vivado/scripts/rt/data/unisim_comp.v:2804]
INFO: [Synth 8-9937] previous definition of design element 'BUFGMUX_1' is here [C:/Xilinx/2025.1/Vivado/scripts/rt/data/unisim_comp.v:2804]
CRITICAL WARNING: [Synth 8-9873] overwriting previous definition of module 'BUFGMUX_CTRL' [C:/Xilinx/2025.1/Vivado/scripts/rt/data/unisim_comp.v:2818]
INFO: [Synth 8-9937] previous definition of design element 'BUFGMUX_CTRL' is here [C:/Xilinx/2025.1/Vivado/scripts/rt/data/unisim_comp.v:2818]
CRITICAL WARNING: [Synth 8-9873] overwriting previous definition of module 'BUFGMUX_VIRTEX4' [C:/Xilinx/2025.1/Vivado/scripts/rt/data/unisim_comp.v:2832]
INFO: [Synth 8-9937] previous definition of design element 'BUFGMUX_VIRTEX4' is here [C:/Xilinx/2025.1/Vivado/scripts/rt/data/unisim_comp.v:2832]
CRITICAL WARNING: [Synth 8-9873] overwriting previous definition of module 'BUFGP' [C:/Xilinx/2025.1/Vivado/scripts/rt/data/unisim_comp.v:2842]
INFO: [Synth 8-9937] previous definition of design element 'BUFGP' is here [C:/Xilinx/2025.1/Vivado/scripts/rt/data/unisim_comp.v:2842]
CRITICAL WARNING: [Synth 8-9873] overwriting previous definition of module 'BUFG_FABRIC' [C:/Xilinx/2025.1/Vivado/scripts/rt/data/unisim_comp.v:2852]
INFO: [Synth 8-9937] previous definition of design element 'BUFG_FABRIC' is here [C:/Xilinx/2025.1/Vivado/scripts/rt/data/unisim_comp.v:2852]
CRITICAL WARNING: [Synth 8-9873] overwriting previous definition of module 'BUFG_GT' [C:/Xilinx/2025.1/Vivado/scripts/rt/data/unisim_comp.v:2874]
INFO: [Synth 8-9937] previous definition of design element 'BUFG_GT' is here [C:/Xilinx/2025.1/Vivado/scripts/rt/data/unisim_comp.v:2874]
CRITICAL WARNING: [Synth 8-9873] overwriting previous definition of module 'BUFG_GT_SYNC' [C:/Xilinx/2025.1/Vivado/scripts/rt/data/unisim_comp.v:2890]
INFO: [Synth 8-9937] previous definition of design element 'BUFG_GT_SYNC' is here [C:/Xilinx/2025.1/Vivado/scripts/rt/data/unisim_comp.v:2890]
CRITICAL WARNING: [Synth 8-9873] overwriting previous definition of module 'BUFG_HM' [C:/Xilinx/2025.1/Vivado/scripts/rt/data/unisim_comp.v:2901]
INFO: [Synth 8-9937] previous definition of design element 'BUFG_HM' is here [C:/Xilinx/2025.1/Vivado/scripts/rt/data/unisim_comp.v:2901]
CRITICAL WARNING: [Synth 8-9873] overwriting previous definition of module 'BUFG_LB' [C:/Xilinx/2025.1/Vivado/scripts/rt/data/unisim_comp.v:2911]
INFO: [Synth 8-9937] previous definition of design element 'BUFG_LB' is here [C:/Xilinx/2025.1/Vivado/scripts/rt/data/unisim_comp.v:2911]
CRITICAL WARNING: [Synth 8-9873] overwriting previous definition of module 'BUFG_PS' [C:/Xilinx/2025.1/Vivado/scripts/rt/data/unisim_comp.v:2923]
INFO: [Synth 8-9937] previous definition of design element 'BUFG_PS' is here [C:/Xilinx/2025.1/Vivado/scripts/rt/data/unisim_comp.v:2923]
CRITICAL WARNING: [Synth 8-9873] overwriting previous definition of module 'BUFH' [C:/Xilinx/2025.1/Vivado/scripts/rt/data/unisim_comp.v:2933]
INFO: [Synth 8-9937] previous definition of design element 'BUFH' is here [C:/Xilinx/2025.1/Vivado/scripts/rt/data/unisim_comp.v:2933]
CRITICAL WARNING: [Synth 8-9873] overwriting previous definition of module 'BUFHCE' [C:/Xilinx/2025.1/Vivado/scripts/rt/data/unisim_comp.v:2948]
INFO: [Common 17-14] Message 'Synth 8-9873' appears 100 times and further instances of the messages will be disabled. Use the Tcl command set_msg_config to change the current settings.
INFO: [Synth 8-9937] previous definition of design element 'BUFHCE' is here [C:/Xilinx/2025.1/Vivado/scripts/rt/data/unisim_comp.v:2948]
INFO: [Common 17-14] Message 'Synth 8-9937' appears 100 times and further instances of the messages will be disabled. Use the Tcl command set_msg_config to change the current settings.
---------------------------------------------------------------------------------
Starting RTL Elaboration : Time (s): cpu = 00:00:05 ; elapsed = 00:00:05 . Memory (MB): peak = 2853.699 ; gain = 144.117
---------------------------------------------------------------------------------
INFO: [Synth 8-6157] synthesizing module 'adder_subtractor_nbit' [D:/IcDesign_Projects/Verilog/AdderSubtractor_nbit/AdderSubtractor_nbit.srcs/sources_1/new/adder_subtractor_nbit.v:23]
INFO: [Synth 8-6157] synthesizing module 'adder_nbit' [D:/IcDesign_Projects/Verilog/FullAdder_nbitFlow/FullAdder_nbitFlow.srcs/sources_1/new/adder_nbit.v:23]
	Parameter n bound to: 4 - type: integer 
INFO: [Synth 8-6157] synthesizing module 'full_adder' [D:/IcDesign_Projects/Verilog/FullAdder_flow/FullAdder_flow.srcs/sources_1/new/full_adder.v:23]
INFO: [Synth 8-6157] synthesizing module 'half_adder' [D:/IcDesign_Projects/Verilog/HalfAdder_flow/Adder_flow.srcs/sources_1/new/half_adder.v:23]
INFO: [Synth 8-6155] done synthesizing module 'half_adder' (0#1) [D:/IcDesign_Projects/Verilog/HalfAdder_flow/Adder_flow.srcs/sources_1/new/half_adder.v:23]
INFO: [Synth 8-6155] done synthesizing module 'full_adder' (0#1) [D:/IcDesign_Projects/Verilog/FullAdder_flow/FullAdder_flow.srcs/sources_1/new/full_adder.v:23]
INFO: [Synth 8-6155] done synthesizing module 'adder_nbit' (0#1) [D:/IcDesign_Projects/Verilog/FullAdder_nbitFlow/FullAdder_nbitFlow.srcs/sources_1/new/adder_nbit.v:23]
WARNING: [Synth 8-7071] port 'cout' of module 'adder_nbit' is unconnected for instance 'twos_x' [D:/IcDesign_Projects/Verilog/AdderSubtractor_nbit/AdderSubtractor_nbit.srcs/sources_1/new/adder_subtractor_nbit.v:44]
WARNING: [Synth 8-7023] instance 'twos_x' of module 'adder_nbit' has 5 connections declared, but only 4 given [D:/IcDesign_Projects/Verilog/AdderSubtractor_nbit/AdderSubtractor_nbit.srcs/sources_1/new/adder_subtractor_nbit.v:44]
INFO: [Synth 8-6157] synthesizing module 'negative_design' [D:/IcDesign_Projects/Verilog/AdderSubtractor_nbit/AdderSubtractor_nbit.srcs/sources_1/new/negative_design.v:23]
INFO: [Synth 8-6155] done synthesizing module 'negative_design' (0#1) [D:/IcDesign_Projects/Verilog/AdderSubtractor_nbit/AdderSubtractor_nbit.srcs/sources_1/new/negative_design.v:23]
INFO: [Synth 8-6157] synthesizing module 'overflow_design' [D:/IcDesign_Projects/Verilog/AdderSubtractor_nbit/AdderSubtractor_nbit.srcs/sources_1/new/overflow_design.v:23]
INFO: [Synth 8-6155] done synthesizing module 'overflow_design' (0#1) [D:/IcDesign_Projects/Verilog/AdderSubtractor_nbit/AdderSubtractor_nbit.srcs/sources_1/new/overflow_design.v:23]
WARNING: [Synth 8-7071] port 'cout' of module 'adder_nbit' is unconnected for instance 'sum' [D:/IcDesign_Projects/Verilog/AdderSubtractor_nbit/AdderSubtractor_nbit.srcs/sources_1/new/adder_subtractor_nbit.v:73]
WARNING: [Synth 8-7023] instance 'sum' of module 'adder_nbit' has 5 connections declared, but only 4 given [D:/IcDesign_Projects/Verilog/AdderSubtractor_nbit/AdderSubtractor_nbit.srcs/sources_1/new/adder_subtractor_nbit.v:73]
INFO: [Synth 8-6155] done synthesizing module 'adder_subtractor_nbit' (0#1) [D:/IcDesign_Projects/Verilog/AdderSubtractor_nbit/AdderSubtractor_nbit.srcs/sources_1/new/adder_subtractor_nbit.v:23]
---------------------------------------------------------------------------------
Finished RTL Elaboration : Time (s): cpu = 00:00:08 ; elapsed = 00:00:07 . Memory (MB): peak = 2983.398 ; gain = 273.816
---------------------------------------------------------------------------------
---------------------------------------------------------------------------------
Start Handling Custom Attributes
---------------------------------------------------------------------------------
---------------------------------------------------------------------------------
Finished Handling Custom Attributes : Time (s): cpu = 00:00:08 ; elapsed = 00:00:07 . Memory (MB): peak = 2983.398 ; gain = 273.816
---------------------------------------------------------------------------------
---------------------------------------------------------------------------------
Finished RTL Optimization Phase 1 : Time (s): cpu = 00:00:08 ; elapsed = 00:00:07 . Memory (MB): peak = 2983.398 ; gain = 273.816
---------------------------------------------------------------------------------
Netlist sorting complete. Time (s): cpu = 00:00:00 ; elapsed = 00:00:00 . Memory (MB): peak = 2983.398 ; gain = 0.000
INFO: [Project 1-570] Preparing netlist for logic optimization

Processing XDC Constraints
Initializing timing engine
Completed Processing XDC Constraints

Netlist sorting complete. Time (s): cpu = 00:00:00 ; elapsed = 00:00:00.001 . Memory (MB): peak = 2983.398 ; gain = 0.000
INFO: [Project 1-111] Unisim Transformation Summary:
No Unisim elements were transformed.

RTL Elaboration Complete:  : Time (s): cpu = 00:00:23 ; elapsed = 00:00:15 . Memory (MB): peak = 3322.422 ; gain = 612.840
118 Infos, 4 Warnings, 100 Critical Warnings and 0 Errors encountered.
synth_design completed successfully
synth_design: Time (s): cpu = 00:00:28 ; elapsed = 00:00:21 . Memory (MB): peak = 3322.422 ; gain = 1100.914
launch_simulation
Command: launch_simulation 
INFO: [Vivado 12-12493] Simulation top is 'test_tb'
INFO: [Vivado 12-5682] Launching behavioral simulation in 'D:/IcDesign_Projects/Verilog/AdderSubtractor_nbit/AdderSubtractor_nbit.sim/sim_1/behav/xsim'
INFO: [SIM-utils-51] Simulation object is 'sim_1'
INFO: [SIM-utils-72] Using boost library from 'C:/Xilinx/2025.1/Vivado/tps/boost_1_72_0'
INFO: [SIM-utils-54] Inspecting design source files for 'test_tb' in fileset 'sim_1'...
INFO: [USF-XSim-97] Finding global include files...
INFO: [USF-XSim-98] Fetching design files from 'sim_1'...
INFO: [USF-XSim-2] XSim::Compile design
INFO: [USF-XSim-61] Executing 'COMPILE and ANALYZE' step in 'D:/IcDesign_Projects/Verilog/AdderSubtractor_nbit/AdderSubtractor_nbit.sim/sim_1/behav/xsim'
"xvlog --incr --relax -prj test_tb_vlog.prj"
INFO: [VRFC 10-2263] Analyzing Verilog file "D:/IcDesign_Projects/Verilog/FullAdder_nbitFlow/FullAdder_nbitFlow.srcs/sources_1/new/adder_nbit.v" into library xil_defaultlib
INFO: [VRFC 10-311] analyzing module adder_nbit
INFO: [VRFC 10-2263] Analyzing Verilog file "D:/IcDesign_Projects/Verilog/AdderSubtractor_nbit/AdderSubtractor_nbit.srcs/sources_1/new/adder_subtractor_nbit.v" into library xil_defaultlib
INFO: [VRFC 10-311] analyzing module adder_subtractor_nbit
INFO: [VRFC 10-2263] Analyzing Verilog file "D:/IcDesign_Projects/Verilog/FullAdder_flow/FullAdder_flow.srcs/sources_1/new/full_adder.v" into library xil_defaultlib
INFO: [VRFC 10-311] analyzing module full_adder
INFO: [VRFC 10-2263] Analyzing Verilog file "D:/IcDesign_Projects/Verilog/HalfAdder_flow/Adder_flow.srcs/sources_1/new/half_adder.v" into library xil_defaultlib
INFO: [VRFC 10-311] analyzing module half_adder
INFO: [VRFC 10-2263] Analyzing Verilog file "D:/IcDesign_Projects/Verilog/AdderSubtractor_nbit/AdderSubtractor_nbit.srcs/sources_1/new/negative_design.v" into library xil_defaultlib
INFO: [VRFC 10-311] analyzing module negative_design
INFO: [VRFC 10-2263] Analyzing Verilog file "D:/IcDesign_Projects/Verilog/AdderSubtractor_nbit/AdderSubtractor_nbit.srcs/sources_1/new/overflow_design.v" into library xil_defaultlib
INFO: [VRFC 10-311] analyzing module overflow_design
INFO: [VRFC 10-2263] Analyzing Verilog file "D:/IcDesign_Projects/Verilog/AdderSubtractor_nbit/AdderSubtractor_nbit.srcs/sim_1/new/test_tb.v" into library xil_defaultlib
INFO: [VRFC 10-311] analyzing module test_tb
INFO: [VRFC 10-2263] Analyzing Verilog file "D:/IcDesign_Projects/Verilog/AdderSubtractor_nbit/AdderSubtractor_nbit.sim/sim_1/behav/xsim/glbl.v" into library xil_defaultlib
INFO: [VRFC 10-311] analyzing module glbl
INFO: [USF-XSim-69] 'compile' step finished in '2' seconds
INFO: [USF-XSim-3] XSim::Elaborate design
INFO: [USF-XSim-61] Executing 'ELABORATE' step in 'D:/IcDesign_Projects/Verilog/AdderSubtractor_nbit/AdderSubtractor_nbit.sim/sim_1/behav/xsim'
"xelab --incr --debug typical --relax --mt 2 -L xil_defaultlib -L unisims_ver -L unimacro_ver -L secureip --snapshot test_tb_behav xil_defaultlib.test_tb xil_defaultlib.glbl -log elaborate.log"
Vivado Simulator v2025.1.0
Copyright 1986-2022 Xilinx, Inc. All Rights Reserved.
Copyright 2022-2025 Advanced Micro Devices, Inc. All Rights Reserved.
Running: C:/Xilinx/2025.1/Vivado/bin/unwrapped/win64.o/xelab.exe --incr --debug typical --relax --mt 2 -L xil_defaultlib -L unisims_ver -L unimacro_ver -L secureip --snapshot test_tb_behav xil_defaultlib.test_tb xil_defaultlib.glbl -log elaborate.log 
Using 2 slave threads.
Starting static elaboration
Pass Through NonSizing Optimizer
Completed static elaboration
Starting simulation data flow analysis
Completed simulation data flow analysis
Time Resolution for simulation is 1ps
Compiling module xil_defaultlib.half_adder
Compiling module xil_defaultlib.full_adder
Compiling module xil_defaultlib.adder_nbit_default
Compiling module xil_defaultlib.negative_design
Compiling module xil_defaultlib.overflow_design
Compiling module xil_defaultlib.adder_subtractor_nbit_default
Compiling module xil_defaultlib.test_tb
Compiling module xil_defaultlib.glbl
Built simulation snapshot test_tb_behav
INFO: [USF-XSim-69] 'elaborate' step finished in '2' seconds
INFO: [USF-XSim-4] XSim::Simulate design
INFO: [USF-XSim-61] Executing 'SIMULATE' step in 'D:/IcDesign_Projects/Verilog/AdderSubtractor_nbit/AdderSubtractor_nbit.sim/sim_1/behav/xsim'
INFO: [USF-XSim-98] *** Running xsim
   with args "test_tb_behav -key {Behavioral:sim_1:Functional:test_tb} -tclbatch {test_tb.tcl} -log {simulate.log}"
INFO: [USF-XSim-8] Loading simulator feature
Time resolution is 1 ps
source test_tb.tcl
# set curr_wave [current_wave_config]
# if { [string length $curr_wave] == 0 } {
#   if { [llength [get_objects]] > 0} {
#     add_wave /
#     set_property needs_save false [current_wave_config]
#   } else {
#      send_msg_id Add_Wave-1 WARNING "No top level signals found. Simulator will start without a wave window. If you want to open a wave window go to 'File->New Waveform Configuration' or type 'create_wave_config' in the TCL console."
#   }
# }
# run 1000ns
$finish called at time : 40 ns : File "D:/IcDesign_Projects/Verilog/AdderSubtractor_nbit/AdderSubtractor_nbit.srcs/sim_1/new/test_tb.v" Line 50
INFO: [USF-XSim-96] XSim completed. Design snapshot 'test_tb_behav' loaded.
INFO: [USF-XSim-97] XSim simulation ran for 1000ns
launch_simulation: Time (s): cpu = 00:00:05 ; elapsed = 00:00:08 . Memory (MB): peak = 3339.438 ; gain = 17.016
close_sim
INFO: [Simtcl 6-16] Simulation closed
exit
INFO: [Common 17-206] Exiting Vivado at Mon Aug 11 18:54:07 2025...
